This is pdfTeX, Version 3.141592653-2.6-1.40.28 (MiKTeX 25.12) (preloaded format=pdflatex 2026.6.12)  12 JUN 2026 10:48
entering extended mode
 restricted \write18 enabled.
 file:line:error style messages enabled.
 %&-line parsing enabled.
**"c:/Users/2009138/OneDrive - BCRD/Documents/MacroPol/dwh_macrofinanciero_rd/docs/book/main.tex"
(c:/Users/2009138/OneDrive - BCRD/Documents/MacroPol/dwh_macrofinanciero_rd/docs/book/main.tex
LaTeX2e <2025-11-01>
L3 programming layer <2025-12-24>
(C:\Users\2009138\AppData\Local\Programs\MiKTeX\tex/latex/base\book.cls
Document Class: book 2025/01/22 v1.4n Standard LaTeX document class
(C:\Users\2009138\AppData\Local\Programs\MiKTeX\tex/latex/base\bk11.clo
File: bk11.clo 2025/01/22 v1.4n Standard LaTeX file (size option)
)
\c@part=\count275
\c@chapter=\count276
\c@section=\count277
\c@subsection=\count278
\c@subsubsection=\count279
\c@paragraph=\count280
\c@subparagraph=\count281
\c@figure=\count282
\c@table=\count283
\abovecaptionskip=\skip49
\belowcaptionskip=\skip50
\bibindent=\dimen148
) (preamble.tex (C:\Users\2009138\AppData\Local\Programs\MiKTeX\tex/latex/base\inputenc.sty
Package: inputenc 2024/02/08 v1.3d Input encoding file
\inpenc@prehook=\toks17
\inpenc@posthook=\toks18
) (C:\Users\2009138\AppData\Local\Programs\MiKTeX\tex/latex/base\fontenc.sty
Package: fontenc 2025/07/18 v2.1d Standard LaTeX package
) (C:\Users\2009138\AppData\Local\Programs\MiKTeX\tex/generic/babel\babel.sty
Package: babel 2025/12/11 v25.17 The multilingual framework for LuaLaTeX, pdfLaTeX and XeLaTeX
\babel@savecnt=\count284
LaTeX Encoding Info:    Redeclaring text command \ij (encoding OT1) on input line 2068.
LaTeX Encoding Info:    Redeclaring text command \IJ (encoding OT1) on input line 2070.
LaTeX Encoding Info:    Redeclaring text command \ij (encoding T1) on input line 2072.
LaTeX Encoding Info:    Redeclaring text command \IJ (encoding T1) on input line 2073.
LaTeX Encoding Info:    Ignoring declaration for text command \ij (encoding ?) on input line 2074.
LaTeX Encoding Info:    Ignoring declaration for text command \IJ (encoding ?) on input line 2076.
LaTeX Encoding Info:    Ignoring declaration for text command \SS (encoding ?) on input line 2101.
\U@D=\dimen149
\l@unhyphenated=\language79
 (C:\Users\2009138\AppData\Local\Programs\MiKTeX\tex/generic/babel\txtbabel.def)
\bbl@readstream=\read2
\bbl@dirlevel=\count285
Package babel Info: Configuration files are deprecated, as
(babel)             they can break document portability.
(babel)             Reported on input line 4196.

*************************************
* Local config file bblopts.cfg used
*
(C:\Users\2009138\AppData\Local\Programs\MiKTeX\tex/latex/arabi\bblopts.cfg
File: bblopts.cfg 2005/09/08 v0.1 add Arabic and Farsi to "declared" options of babel
) (C:\Users\2009138\AppData\Local\Programs\MiKTeX\tex/generic/babel/locale/es\babel-spanish.tex)
Package babel Info: Importing font and identification data for spanish
(babel)             from babel-es.ini. Reported on input line 4320.
 (C:\Users\2009138\AppData\Local\Programs\MiKTeX\tex/latex/babel-spanish\spanish.ldf
Language: spanish.ldf 2021/05/27 v5.0q Spanish support from the babel system
\es@quottoks=\toks19
\es@quotdepth=\count286
Package babel Info: Making " an active character on input line 570.
Package babel Info: Making . an active character on input line 675.
Package babel Info: Making < an active character on input line 722.
Package babel Info: Making > an active character on input line 722.
))
LaTeX Encoding Info:    Redeclaring text command \guillemotleft (encoding OT1) on input line 4.
LaTeX Encoding Info:    Redeclaring text command \guillemotright (encoding OT1) on input line 4.
 (C:\Users\2009138\AppData\Local\Programs\MiKTeX\tex/latex/graphics\graphicx.sty
Package: graphicx 2024/12/31 v1.2e Enhanced LaTeX Graphics (DPC,SPQR)
 (C:\Users\2009138\AppData\Local\Programs\MiKTeX\tex/latex/graphics\keyval.sty
Package: keyval 2022/05/29 v1.15 key=value parser (DPC)
\KV@toks@=\toks20
) (C:\Users\2009138\AppData\Local\Programs\MiKTeX\tex/latex/graphics\graphics.sty
Package: graphics 2024/08/06 v1.4g Standard LaTeX Graphics (DPC,SPQR)
 (C:\Users\2009138\AppData\Local\Programs\MiKTeX\tex/latex/graphics\trig.sty
Package: trig 2023/12/02 v1.11 sin cos tan (DPC)
) (C:\Users\2009138\AppData\Local\Programs\MiKTeX\tex/latex/graphics-cfg\graphics.cfg
File: graphics.cfg 2016/06/04 v1.11 sample graphics configuration
)
Package graphics Info: Driver file: pdftex.def on input line 106.
 (C:\Users\2009138\AppData\Local\Programs\MiKTeX\tex/latex/graphics-def\pdftex.def
File: pdftex.def 2025/09/29 v1.2d Graphics/color driver for pdftex
))
\Gin@req@height=\dimen150
\Gin@req@width=\dimen151
) (C:\Users\2009138\AppData\Local\Programs\MiKTeX\tex/latex/booktabs\booktabs.sty
Package: booktabs 2020/01/12 v1.61803398 Publication quality tables
\heavyrulewidth=\dimen152
\lightrulewidth=\dimen153
\cmidrulewidth=\dimen154
\belowrulesep=\dimen155
\belowbottomsep=\dimen156
\aboverulesep=\dimen157
\abovetopsep=\dimen158
\cmidrulesep=\dimen159
\cmidrulekern=\dimen160
\defaultaddspace=\dimen161
\@cmidla=\count287
\@cmidlb=\count288
\@aboverulesep=\dimen162
\@belowrulesep=\dimen163
\@thisruleclass=\count289
\@lastruleclass=\count290
\@thisrulewidth=\dimen164
) (C:\Users\2009138\AppData\Local\Programs\MiKTeX\tex/latex/hyperref\hyperref.sty
Package: hyperref 2025-07-12 v7.01o Hypertext links for LaTeX
 (C:\Users\2009138\AppData\Local\Programs\MiKTeX\tex/generic/iftex\iftex.sty
Package: iftex 2024/12/12 v1.0g TeX engine tests
) (C:\Users\2009138\AppData\Local\Programs\MiKTeX\tex/latex/kvsetkeys\kvsetkeys.sty
Package: kvsetkeys 2022-10-05 v1.19 Key value parser (HO)
) (C:\Users\2009138\AppData\Local\Programs\MiKTeX\tex/generic/kvdefinekeys\kvdefinekeys.sty
Package: kvdefinekeys 2019-12-19 v1.6 Define keys (HO)
) (C:\Users\2009138\AppData\Local\Programs\MiKTeX\tex/generic/pdfescape\pdfescape.sty
Package: pdfescape 2019/12/09 v1.15 Implements pdfTeX's escape features (HO)
 (C:\Users\2009138\AppData\Local\Programs\MiKTeX\tex/generic/ltxcmds\ltxcmds.sty
Package: ltxcmds 2023-12-04 v1.26 LaTeX kernel commands for general use (HO)
) (C:\Users\2009138\AppData\Local\Programs\MiKTeX\tex/generic/pdftexcmds\pdftexcmds.sty
Package: pdftexcmds 2020-06-27 v0.33 Utility functions of pdfTeX for LuaTeX (HO)
 (C:\Users\2009138\AppData\Local\Programs\MiKTeX\tex/generic/infwarerr\infwarerr.sty
Package: infwarerr 2019/12/03 v1.5 Providing info/warning/error messages (HO)
)
Package pdftexcmds Info: \pdf@primitive is available.
Package pdftexcmds Info: \pdf@ifprimitive is available.
Package pdftexcmds Info: \pdfdraftmode found.
)) (C:\Users\2009138\AppData\Local\Programs\MiKTeX\tex/latex/hycolor\hycolor.sty
Package: hycolor 2020-01-27 v1.10 Color options for hyperref/bookmark (HO)
) (C:\Users\2009138\AppData\Local\Programs\MiKTeX\tex/latex/hyperref\nameref.sty
Package: nameref 2025-06-21 v2.57 Cross-referencing by name of section
 (C:\Users\2009138\AppData\Local\Programs\MiKTeX\tex/latex/refcount\refcount.sty
Package: refcount 2019/12/15 v3.6 Data extraction from label references (HO)
) (C:\Users\2009138\AppData\Local\Programs\MiKTeX\tex/generic/gettitlestring\gettitlestring.sty
Package: gettitlestring 2019/12/15 v1.6 Cleanup title references (HO)
 (C:\Users\2009138\AppData\Local\Programs\MiKTeX\tex/latex/kvoptions\kvoptions.sty
Package: kvoptions 2022-06-15 v3.15 Key value format for package options (HO)
))
\c@section@level=\count291
) (C:\Users\2009138\AppData\Local\Programs\MiKTeX\tex/latex/etoolbox\etoolbox.sty
Package: etoolbox 2025/10/02 v2.5m e-TeX tools for LaTeX (JAW)
\etb@tempcnta=\count292
) (C:\Users\2009138\AppData\Local\Programs\MiKTeX\tex/generic/stringenc\stringenc.sty
Package: stringenc 2019/11/29 v1.12 Convert strings between diff. encodings (HO)
)
\@linkdim=\dimen165
\Hy@linkcounter=\count293
\Hy@pagecounter=\count294
 (C:\Users\2009138\AppData\Local\Programs\MiKTeX\tex/latex/hyperref\pd1enc.def
File: pd1enc.def 2025-07-12 v7.01o Hyperref: PDFDocEncoding definition (HO)
Now handling font encoding PD1 ...
... no UTF-8 mapping file for font encoding PD1
) (C:\Users\2009138\AppData\Local\Programs\MiKTeX\tex/generic/intcalc\intcalc.sty
Package: intcalc 2019/12/15 v1.3 Expandable calculations with integers (HO)
)
\Hy@SavedSpaceFactor=\count295
 (C:\Users\2009138\AppData\Local\Programs\MiKTeX\tex/latex/hyperref\puenc.def
File: puenc.def 2025-07-12 v7.01o Hyperref: PDF Unicode definition (HO)
Now handling font encoding PU ...
... no UTF-8 mapping file for font encoding PU
)
Package hyperref Info: Hyper figures OFF on input line 4195.
Package hyperref Info: Link nesting OFF on input line 4200.
Package hyperref Info: Hyper index ON on input line 4203.
Package hyperref Info: Plain pages OFF on input line 4210.
Package hyperref Info: Backreferencing OFF on input line 4215.
Package hyperref Info: Implicit mode ON; LaTeX internals redefined.
Package hyperref Info: Bookmarks ON on input line 4462.
\c@Hy@tempcnt=\count296
 (C:\Users\2009138\AppData\Local\Programs\MiKTeX\tex/latex/url\url.sty
\Urlmuskip=\muskip17
Package: url 2013/09/16  ver 3.4  Verb mode for urls, etc.
)
LaTeX Info: Redefining \url on input line 4801.
\XeTeXLinkMargin=\dimen166
 (C:\Users\2009138\AppData\Local\Programs\MiKTeX\tex/generic/bitset\bitset.sty
Package: bitset 2019/12/09 v1.3 Handle bit-vector datatype (HO)
 (C:\Users\2009138\AppData\Local\Programs\MiKTeX\tex/generic/bigintcalc\bigintcalc.sty
Package: bigintcalc 2019/12/15 v1.5 Expandable calculations on big integers (HO)
))
\Fld@menulength=\count297
\Field@Width=\dimen167
\Fld@charsize=\dimen168
Package hyperref Info: Hyper figures OFF on input line 6078.
Package hyperref Info: Link nesting OFF on input line 6083.
Package hyperref Info: Hyper index ON on input line 6086.
Package hyperref Info: backreferencing OFF on input line 6093.
Package hyperref Info: Link coloring OFF on input line 6098.
Package hyperref Info: Link coloring with OCG OFF on input line 6103.
Package hyperref Info: PDF/A mode OFF on input line 6108.
\Hy@abspage=\count298
\c@Item=\count299
\c@Hfootnote=\count300
)
Package hyperref Info: Driver (autodetected): hpdftex.
 (C:\Users\2009138\AppData\Local\Programs\MiKTeX\tex/latex/hyperref\hpdftex.def
File: hpdftex.def 2025-07-12 v7.01o Hyperref driver for pdfTeX
\Fld@listcount=\count301
\c@bookmark@seq@number=\count302
 (C:\Users\2009138\AppData\Local\Programs\MiKTeX\tex/latex/rerunfilecheck\rerunfilecheck.sty
Package: rerunfilecheck 2025-06-21 v1.11 Rerun checks for auxiliary files (HO)
 (C:\Users\2009138\AppData\Local\Programs\MiKTeX\tex/generic/uniquecounter\uniquecounter.sty
Package: uniquecounter 2019/12/15 v1.4 Provide unlimited unique counter (HO)
)
Package uniquecounter Info: New unique counter `rerunfilecheck' on input line 284.
)
\Hy@SectionHShift=\skip51
) (C:\Users\2009138\AppData\Local\Programs\MiKTeX\tex/latex/xcolor\xcolor.sty
Package: xcolor 2024/09/29 v3.02 LaTeX color extensions (UK)
 (C:\Users\2009138\AppData\Local\Programs\MiKTeX\tex/latex/graphics-cfg\color.cfg
File: color.cfg 2016/01/02 v1.6 sample color configuration
)
Package xcolor Info: Driver file: pdftex.def on input line 274.
 (C:\Users\2009138\AppData\Local\Programs\MiKTeX\tex/latex/graphics\mathcolor.ltx)
Package xcolor Info: Model `cmy' substituted by `cmy0' on input line 1349.
Package xcolor Info: Model `hsb' substituted by `rgb' on input line 1353.
Package xcolor Info: Model `RGB' extended on input line 1365.
Package xcolor Info: Model `HTML' substituted by `rgb' on input line 1367.
Package xcolor Info: Model `Hsb' substituted by `hsb' on input line 1368.
Package xcolor Info: Model `tHsb' substituted by `hsb' on input line 1369.
Package xcolor Info: Model `HSB' substituted by `hsb' on input line 1370.
Package xcolor Info: Model `Gray' substituted by `gray' on input line 1371.
Package xcolor Info: Model `wave' substituted by `hsb' on input line 1372.
) (C:\Users\2009138\AppData\Local\Programs\MiKTeX\tex/latex/listings\listings.sty
\lst@mode=\count303
\lst@gtempboxa=\box53
\lst@token=\toks21
\lst@length=\count304
\lst@currlwidth=\dimen169
\lst@column=\count305
\lst@pos=\count306
\lst@lostspace=\dimen170
\lst@width=\dimen171
\lst@newlines=\count307
\lst@lineno=\count308
\lst@maxwidth=\dimen172
 (C:\Users\2009138\AppData\Local\Programs\MiKTeX\tex/latex/listings\lstpatch.sty
File: lstpatch.sty 2025/11/14 1.11b (Carsten Heinz)
) (C:\Users\2009138\AppData\Local\Programs\MiKTeX\tex/latex/listings\lstmisc.sty
File: lstmisc.sty 2025/11/14 1.11b (Carsten Heinz)
\c@lstnumber=\count309
\lst@skipnumbers=\count310
\lst@framebox=\box54
) (C:\Users\2009138\AppData\Local\Programs\MiKTeX\tex/latex/listings\listings.cfg
File: listings.cfg 2025/11/14 1.11b listings configuration
))
Package: listings 2025/11/14 1.11b (Carsten Heinz)

==> First Aid for listings.sty no longer applied!
    Expected:
        2024/09/23 1.10c (Carsten Heinz)
    but found:
        2025/11/14 1.11b (Carsten Heinz)
    so I'm assuming it got fixed.
(C:\Users\2009138\AppData\Local\Programs\MiKTeX\tex/latex/amsfonts\amssymb.sty
Package: amssymb 2013/01/14 v3.01 AMS font symbols
 (C:\Users\2009138\AppData\Local\Programs\MiKTeX\tex/latex/amsfonts\amsfonts.sty
Package: amsfonts 2013/01/14 v3.01 Basic AMSFonts support
\@emptytoks=\toks22
\symAMSa=\mathgroup4
\symAMSb=\mathgroup5
LaTeX Font Info:    Redeclaring math symbol \hbar on input line 98.
LaTeX Font Info:    Overwriting math alphabet `\mathfrak' in version `bold'
(Font)                  U/euf/m/n --> U/euf/b/n on input line 106.
))) (C:\Users\2009138\AppData\Local\Programs\MiKTeX\tex/latex/l3backend\l3backend-pdftex.def
File: l3backend-pdftex.def 2025-10-09 L3 backend support: PDF output (pdfTeX)
\l__color_backend_stack_int=\count311
) (main.aux
LaTeX Info: Redefining \. on input line 11.
LaTeX Info: Redefining \% on input line 11.
Package babel Info: 'spanish' activates 'spanish' shorthands.
(babel)             Reported on input line 11.
 (chapters/hito01.aux) (chapters/hito02.aux) (chapters/hito02_duckdb.aux) (chapters/hito03.aux) (chapters/hito04.aux) (chapters/hito05.aux) (chapters/hito05_duckdb.aux) (chapters/hito06.aux))
\openout1 = `main.aux'.

LaTeX Font Info:    Checking defaults for OML/cmm/m/it on input line 5.
LaTeX Font Info:    ... okay on input line 5.
LaTeX Font Info:    Checking defaults for OMS/cmsy/m/n on input line 5.
LaTeX Font Info:    ... okay on input line 5.
LaTeX Font Info:    Checking defaults for OT1/cmr/m/n on input line 5.
LaTeX Font Info:    ... okay on input line 5.
LaTeX Font Info:    Checking defaults for T1/cmr/m/n on input line 5.
LaTeX Font Info:    ... okay on input line 5.
LaTeX Font Info:    Checking defaults for TS1/cmr/m/n on input line 5.
LaTeX Font Info:    ... okay on input line 5.
LaTeX Font Info:    Checking defaults for OMX/cmex/m/n on input line 5.
LaTeX Font Info:    ... okay on input line 5.
LaTeX Font Info:    Checking defaults for U/cmr/m/n on input line 5.
LaTeX Font Info:    ... okay on input line 5.
LaTeX Font Info:    Checking defaults for PD1/pdf/m/n on input line 5.
LaTeX Font Info:    ... okay on input line 5.
LaTeX Font Info:    Checking defaults for PU/pdf/m/n on input line 5.
LaTeX Font Info:    ... okay on input line 5.
LaTeX Info: Redefining \. on input line 5.
LaTeX Info: Redefining \% on input line 5.
 (C:\Users\2009138\AppData\Local\Programs\MiKTeX\tex/context/base/mkii\supp-pdf.mkii
[Loading MPS to PDF converter (version 2006.09.02).]
\scratchcounter=\count312
\scratchdimen=\dimen173
\scratchbox=\box55
\nofMPsegments=\count313
\nofMParguments=\count314
\everyMPshowfont=\toks23
\MPscratchCnt=\count315
\MPscratchDim=\dimen174
\MPnumerator=\count316
\makeMPintoPDFobject=\count317
\everyMPtoPDFconversion=\toks24
) (C:\Users\2009138\AppData\Local\Programs\MiKTeX\tex/latex/epstopdf-pkg\epstopdf-base.sty
Package: epstopdf-base 2020-01-24 v2.11 Base part for package epstopdf
Package epstopdf-base Info: Redefining graphics rule for `.eps' on input line 485.
 (C:\Users\2009138\AppData\Local\Programs\MiKTeX\tex/latex/00miktex\epstopdf-sys.cfg
File: epstopdf-sys.cfg 2021/03/18 v2.0 Configuration of epstopdf for MiKTeX
))
Package hyperref Info: Link coloring OFF on input line 5.
 (main.out) (main.out)
\@outlinefile=\write3
\openout3 = `main.out'.

\c@lstlisting=\count318
LaTeX Font Info:    Trying to load font information for U+msa on input line 8.
 (C:\Users\2009138\AppData\Local\Programs\MiKTeX\tex/latex/amsfonts\umsa.fd
File: umsa.fd 2013/01/14 v3.01 AMS symbols A
)
LaTeX Font Info:    Trying to load font information for U+msb on input line 8.
 (C:\Users\2009138\AppData\Local\Programs\MiKTeX\tex/latex/amsfonts\umsb.fd
File: umsb.fd 2013/01/14 v3.01 AMS symbols B
) [1


{C:/Users/2009138/AppData/Local/MiKTeX/fonts/map/pdftex/pdftex.map}] (main.toc
LaTeX Info: Redefining \. on input line 1.
LaTeX Info: Redefining \% on input line 1.

pdfTeX warning (ext4): destination with the same identifier (name{page.1}) has been already used, duplicate ignored
<to be read again> 
                   \relax 
l.31 ... extensiones de VS Code}{17}{section.2.13}
                                                  % [1

]
LaTeX Info: Redefining \. on input line 68.
LaTeX Info: Redefining \% on input line 68.
Package babel Info: 'spanish' activates 'spanish' shorthands.
(babel)             Reported on input line 68.
 [2]
LaTeX Info: Redefining \. on input line 106.
LaTeX Info: Redefining \% on input line 106.
 [3]
main.toc:134: Missing $ inserted.
<inserted text> 
                $
l.134 ...r tabla tipo_cambio_raw}{61}{section.7.8}
                                                  %
I've inserted a begin-math/end-math symbol since I think
you left one out. Proceed, with fingers crossed.

main.toc:134: Extra }, or forgotten $.
<argument> ...Paso 6: Crear tabla tipo_cambio_raw}
                                                  \Hy@toclinkend 
l.134 ...r tabla tipo_cambio_raw}{61}{section.7.8}
                                                  %
I've deleted a group-closing symbol because it seems to be
spurious, as in `$x}$'. But perhaps the } is legitimate and
you forgot something else, as in `\hbox{$x}'. In such cases
the way to recover is to insert both the forgotten and the
deleted material, e.g., by typing `I$}'.

main.toc:134: Missing $ inserted.
<inserted text> 
                $
l.134 ...r tabla tipo_cambio_raw}{61}{section.7.8}
                                                  %
I've inserted something that you may have forgotten.
(See the <inserted text> above.)
With luck, this will get me unwedged. But if you
really didn't forget anything, try typing `2' now; then
my insertion and my current dilemma will both disappear.

main.toc:134: Missing } inserted.
<inserted text> 
                }
l.134 ...r tabla tipo_cambio_raw}{61}{section.7.8}
                                                  %
I've inserted something that you may have forgotten.
(See the <inserted text> above.)
With luck, this will get me unwedged. But if you
really didn't forget anything, try typing `2' now; then
my insertion and my current dilemma will both disappear.

main.toc:135: Missing $ inserted.
<inserted text> 
                $
l.135 ...la balance_bancario_raw}{62}{section.7.9}
                                                  %
I've inserted a begin-math/end-math symbol since I think
you left one out. Proceed, with fingers crossed.

main.toc:135: Extra }, or forgotten $.
<argument> ...7: Crear tabla balance_bancario_raw}
                                                  \Hy@toclinkend 
l.135 ...la balance_bancario_raw}{62}{section.7.9}
                                                  %
I've deleted a group-closing symbol because it seems to be
spurious, as in `$x}$'. But perhaps the } is legitimate and
you forgot something else, as in `\hbox{$x}'. In such cases
the way to recover is to insert both the forgotten and the
deleted material, e.g., by typing `I$}'.

main.toc:135: Missing $ inserted.
<inserted text> 
                $
l.135 ...la balance_bancario_raw}{62}{section.7.9}
                                                  %
I've inserted something that you may have forgotten.
(See the <inserted text> above.)
With luck, this will get me unwedged. But if you
really didn't forget anything, try typing `2' now; then
my insertion and my current dilemma will both disappear.

main.toc:135: Missing } inserted.
<inserted text> 
                }
l.135 ...la balance_bancario_raw}{62}{section.7.9}
                                                  %
I've inserted something that you may have forgotten.
(See the <inserted text> above.)
With luck, this will get me unwedged. But if you
really didn't forget anything, try typing `2' now; then
my insertion and my current dilemma will both disappear.

LaTeX Info: Redefining \. on input line 144.
LaTeX Info: Redefining \% on input line 144.
[4])
\tf@toc=\write4
\openout4 = `main.toc'.

LaTeX Info: Redefining \. on input line 12.
LaTeX Info: Redefining \% on input line 12.
 [5]
\openout2 = `chapters/hito01.aux'.

 (chapters/hito01.tex
Cap\'{\i }tulo 1.
[6


] (C:\Users\2009138\AppData\Local\Programs\MiKTeX\tex/latex/listings\lstlang1.sty
File: lstlang1.sty 2025/11/14 1.11b listings language file
) (C:\Users\2009138\AppData\Local\Programs\MiKTeX\tex/latex/listings\lstlang1.sty
File: lstlang1.sty 2025/11/14 1.11b listings language file
)
LaTeX Info: Redefining \. on input line 96.
LaTeX Info: Redefining \% on input line 96.
 [7]
LaTeX Info: Redefining \. on input line 145.
LaTeX Info: Redefining \% on input line 145.
 [8]
LaTeX Info: Redefining \. on input line 193.
LaTeX Info: Redefining \% on input line 193.
 [9]
LaTeX Info: Redefining \. on input line 260.
LaTeX Info: Redefining \% on input line 260.
 [10]
LaTeX Info: Redefining \. on input line 303.
LaTeX Info: Redefining \% on input line 303.
 [11])
LaTeX Info: Redefining \. on input line 12.
LaTeX Info: Redefining \% on input line 12.
 [12]
\openout2 = `chapters/hito02.aux'.

 (chapters/hito02.tex
Cap\'{\i }tulo 2.
[13




] (C:\Users\2009138\AppData\Local\Programs\MiKTeX\tex/latex/listings\lstlang1.sty
File: lstlang1.sty 2025/11/14 1.11b listings language file
)
LaTeX Info: Redefining \. on input line 89.
LaTeX Info: Redefining \% on input line 89.

Overfull \hbox (48.47809pt too wide) has occurred while \output is active
\T1/cmr/m/sl/10.95 CAPÍTULO 2.  HITO 2: INSTALACIÓN Y CONFIGURACIÓN DE POSTGRESQL \T1/cmr/m/n/10.95 14
 []

[14]
LaTeX Info: Redefining \. on input line 153.
LaTeX Info: Redefining \% on input line 153.

Overfull \hbox (48.47809pt too wide) has occurred while \output is active
\T1/cmr/m/sl/10.95 CAPÍTULO 2.  HITO 2: INSTALACIÓN Y CONFIGURACIÓN DE POSTGRESQL \T1/cmr/m/n/10.95 15
 []

[15] (C:\Users\2009138\AppData\Local\Programs\MiKTeX\tex/latex/listings\lstlang1.sty
File: lstlang1.sty 2025/11/14 1.11b listings language file
)
LaTeX Info: Redefining \. on input line 202.
LaTeX Info: Redefining \% on input line 202.

Overfull \hbox (48.47809pt too wide) has occurred while \output is active
\T1/cmr/m/sl/10.95 CAPÍTULO 2.  HITO 2: INSTALACIÓN Y CONFIGURACIÓN DE POSTGRESQL \T1/cmr/m/n/10.95 16
 []

[16]
LaTeX Info: Redefining \. on input line 259.
LaTeX Info: Redefining \% on input line 259.

Overfull \hbox (48.47809pt too wide) has occurred while \output is active
\T1/cmr/m/sl/10.95 CAPÍTULO 2.  HITO 2: INSTALACIÓN Y CONFIGURACIÓN DE POSTGRESQL \T1/cmr/m/n/10.95 17
 []

[17]
LaTeX Info: Redefining \. on input line 305.
LaTeX Info: Redefining \% on input line 305.

Overfull \hbox (48.47809pt too wide) has occurred while \output is active
\T1/cmr/m/sl/10.95 CAPÍTULO 2.  HITO 2: INSTALACIÓN Y CONFIGURACIÓN DE POSTGRESQL \T1/cmr/m/n/10.95 18
 []

[18])
LaTeX Info: Redefining \. on input line 13.
LaTeX Info: Redefining \% on input line 13.

Overfull \hbox (48.47809pt too wide) has occurred while \output is active
\T1/cmr/m/sl/10.95 CAPÍTULO 2.  HITO 2: INSTALACIÓN Y CONFIGURACIÓN DE POSTGRESQL \T1/cmr/m/n/10.95 19
 []

[19]
\openout2 = `chapters/hito02_duckdb.aux'.

 (chapters/hito02_duckdb.tex
Cap\'{\i }tulo 3.
[20




]
LaTeX Info: Redefining \. on input line 72.
LaTeX Info: Redefining \% on input line 72.

Overfull \hbox (166.00668pt too wide) has occurred while \output is active
\T1/cmr/m/sl/10.95 CAPÍTULO 3.  HITO 2: CONFIGURACIÓN DE DUCKDB COMO BASE DE DATOS ANALÍTICA LOCAL \T1/cmr/m/n/10.95 21
 []

[21]
LaTeX Info: Redefining \. on input line 126.
LaTeX Info: Redefining \% on input line 126.

Overfull \hbox (166.00668pt too wide) has occurred while \output is active
\T1/cmr/m/sl/10.95 CAPÍTULO 3.  HITO 2: CONFIGURACIÓN DE DUCKDB COMO BASE DE DATOS ANALÍTICA LOCAL \T1/cmr/m/n/10.95 22
 []

[22]
LaTeX Info: Redefining \. on input line 186.
LaTeX Info: Redefining \% on input line 186.

Overfull \hbox (166.00668pt too wide) has occurred while \output is active
\T1/cmr/m/sl/10.95 CAPÍTULO 3.  HITO 2: CONFIGURACIÓN DE DUCKDB COMO BASE DE DATOS ANALÍTICA LOCAL \T1/cmr/m/n/10.95 23
 []

[23]
Overfull \hbox (12.3691pt too wide) in paragraph at lines 218--219
[][][][][][][][][][][][][][][][][][][][] 
 []

LaTeX Info: Redefining \. on input line 232.
LaTeX Info: Redefining \% on input line 232.

Overfull \hbox (166.00668pt too wide) has occurred while \output is active
\T1/cmr/m/sl/10.95 CAPÍTULO 3.  HITO 2: CONFIGURACIÓN DE DUCKDB COMO BASE DE DATOS ANALÍTICA LOCAL \T1/cmr/m/n/10.95 24
 []

[24]
LaTeX Info: Redefining \. on input line 294.
LaTeX Info: Redefining \% on input line 294.

Overfull \hbox (166.00668pt too wide) has occurred while \output is active
\T1/cmr/m/sl/10.95 CAPÍTULO 3.  HITO 2: CONFIGURACIÓN DE DUCKDB COMO BASE DE DATOS ANALÍTICA LOCAL \T1/cmr/m/n/10.95 25
 []

[25]
LaTeX Info: Redefining \. on input line 334.
LaTeX Info: Redefining \% on input line 334.

Overfull \hbox (166.00668pt too wide) has occurred while \output is active
\T1/cmr/m/sl/10.95 CAPÍTULO 3.  HITO 2: CONFIGURACIÓN DE DUCKDB COMO BASE DE DATOS ANALÍTICA LOCAL \T1/cmr/m/n/10.95 26
 []

[26]
LaTeX Info: Redefining \. on input line 386.
LaTeX Info: Redefining \% on input line 386.

Overfull \hbox (166.00668pt too wide) has occurred while \output is active
\T1/cmr/m/sl/10.95 CAPÍTULO 3.  HITO 2: CONFIGURACIÓN DE DUCKDB COMO BASE DE DATOS ANALÍTICA LOCAL \T1/cmr/m/n/10.95 27
 []

[27]
LaTeX Info: Redefining \. on input line 423.
LaTeX Info: Redefining \% on input line 423.

Overfull \hbox (166.00668pt too wide) has occurred while \output is active
\T1/cmr/m/sl/10.95 CAPÍTULO 3.  HITO 2: CONFIGURACIÓN DE DUCKDB COMO BASE DE DATOS ANALÍTICA LOCAL \T1/cmr/m/n/10.95 28
 []

[28])
LaTeX Info: Redefining \. on input line 14.
LaTeX Info: Redefining \% on input line 14.

Overfull \hbox (166.00668pt too wide) has occurred while \output is active
\T1/cmr/m/sl/10.95 CAPÍTULO 3.  HITO 2: CONFIGURACIÓN DE DUCKDB COMO BASE DE DATOS ANALÍTICA LOCAL \T1/cmr/m/n/10.95 29
 []

[29]
\openout2 = `chapters/hito03.aux'.

 (chapters/hito03.tex
Cap\'{\i }tulo 4.
[30




]
LaTeX Info: Redefining \. on input line 75.
LaTeX Info: Redefining \% on input line 75.

Overfull \hbox (70.32626pt too wide) has occurred while \output is active
\T1/cmr/m/sl/10.95 CAPÍTULO 4.  HITO 3: DISEŃO DE LAS FUENTES DE DATOS E INGESTA INICIAL \T1/cmr/m/n/10.95 31
 []

[31]
LaTeX Info: Redefining \. on input line 118.
LaTeX Info: Redefining \% on input line 118.

Overfull \hbox (70.32626pt too wide) has occurred while \output is active
\T1/cmr/m/sl/10.95 CAPÍTULO 4.  HITO 3: DISEŃO DE LAS FUENTES DE DATOS E INGESTA INICIAL \T1/cmr/m/n/10.95 32
 []

[32]
LaTeX Info: Redefining \. on input line 169.
LaTeX Info: Redefining \% on input line 169.

Overfull \hbox (70.32626pt too wide) has occurred while \output is active
\T1/cmr/m/sl/10.95 CAPÍTULO 4.  HITO 3: DISEŃO DE LAS FUENTES DE DATOS E INGESTA INICIAL \T1/cmr/m/n/10.95 33
 []

[33]
LaTeX Info: Redefining \. on input line 219.
LaTeX Info: Redefining \% on input line 219.

Overfull \hbox (70.32626pt too wide) has occurred while \output is active
\T1/cmr/m/sl/10.95 CAPÍTULO 4.  HITO 3: DISEŃO DE LAS FUENTES DE DATOS E INGESTA INICIAL \T1/cmr/m/n/10.95 34
 []

[34]
LaTeX Info: Redefining \. on input line 269.
LaTeX Info: Redefining \% on input line 269.

Overfull \hbox (70.32626pt too wide) has occurred while \output is active
\T1/cmr/m/sl/10.95 CAPÍTULO 4.  HITO 3: DISEŃO DE LAS FUENTES DE DATOS E INGESTA INICIAL \T1/cmr/m/n/10.95 35
 []

[35]
LaTeX Info: Redefining \. on input line 316.
LaTeX Info: Redefining \% on input line 316.

Overfull \hbox (70.32626pt too wide) has occurred while \output is active
\T1/cmr/m/sl/10.95 CAPÍTULO 4.  HITO 3: DISEŃO DE LAS FUENTES DE DATOS E INGESTA INICIAL \T1/cmr/m/n/10.95 36
 []

[36]
LaTeX Info: Redefining \. on input line 355.
LaTeX Info: Redefining \% on input line 355.

Overfull \hbox (70.32626pt too wide) has occurred while \output is active
\T1/cmr/m/sl/10.95 CAPÍTULO 4.  HITO 3: DISEŃO DE LAS FUENTES DE DATOS E INGESTA INICIAL \T1/cmr/m/n/10.95 37
 []

[37])
LaTeX Info: Redefining \. on input line 15.
LaTeX Info: Redefining \% on input line 15.

Overfull \hbox (70.32626pt too wide) has occurred while \output is active
\T1/cmr/m/sl/10.95 CAPÍTULO 4.  HITO 3: DISEŃO DE LAS FUENTES DE DATOS E INGESTA INICIAL \T1/cmr/m/n/10.95 38
 []

[38]
\openout2 = `chapters/hito04.aux'.

 (chapters/hito04.tex
Cap\'{\i }tulo 5.
[39




]
LaTeX Info: Redefining \. on input line 81.
LaTeX Info: Redefining \% on input line 81.
 [40]
LaTeX Info: Redefining \. on input line 128.
LaTeX Info: Redefining \% on input line 128.
 [41]
LaTeX Info: Redefining \. on input line 168.
LaTeX Info: Redefining \% on input line 168.
 [42]
LaTeX Info: Redefining \. on input line 211.
LaTeX Info: Redefining \% on input line 211.
 [43]
LaTeX Info: Redefining \. on input line 259.
LaTeX Info: Redefining \% on input line 259.
 [44]
LaTeX Info: Redefining \. on input line 302.
LaTeX Info: Redefining \% on input line 302.
 [45]
LaTeX Info: Redefining \. on input line 350.
LaTeX Info: Redefining \% on input line 350.
 [46]
LaTeX Info: Redefining \. on input line 383.
LaTeX Info: Redefining \% on input line 383.
 [47])
LaTeX Info: Redefining \. on input line 16.
LaTeX Info: Redefining \% on input line 16.
 [48]
\openout2 = `chapters/hito05.aux'.

 (chapters/hito05.tex
Cap\'{\i }tulo 6.
[49




]
LaTeX Info: Redefining \. on input line 83.
LaTeX Info: Redefining \% on input line 83.

Overfull \hbox (35.63577pt too wide) has occurred while \output is active
\T1/cmr/m/sl/10.95 CAPÍTULO 6.  HITO 5: CONSTRUCCIÓN DE LA CAPA STAGING (BRONZE) \T1/cmr/m/n/10.95 50
 []

[50]
LaTeX Info: Redefining \. on input line 140.
LaTeX Info: Redefining \% on input line 140.

Overfull \hbox (35.63577pt too wide) has occurred while \output is active
\T1/cmr/m/sl/10.95 CAPÍTULO 6.  HITO 5: CONSTRUCCIÓN DE LA CAPA STAGING (BRONZE) \T1/cmr/m/n/10.95 51
 []

[51]
LaTeX Info: Redefining \. on input line 187.
LaTeX Info: Redefining \% on input line 187.

Overfull \hbox (35.63577pt too wide) has occurred while \output is active
\T1/cmr/m/sl/10.95 CAPÍTULO 6.  HITO 5: CONSTRUCCIÓN DE LA CAPA STAGING (BRONZE) \T1/cmr/m/n/10.95 52
 []

[52]
LaTeX Info: Redefining \. on input line 227.
LaTeX Info: Redefining \% on input line 227.

Overfull \hbox (35.63577pt too wide) has occurred while \output is active
\T1/cmr/m/sl/10.95 CAPÍTULO 6.  HITO 5: CONSTRUCCIÓN DE LA CAPA STAGING (BRONZE) \T1/cmr/m/n/10.95 53
 []

[53]
LaTeX Info: Redefining \. on input line 280.
LaTeX Info: Redefining \% on input line 280.

Overfull \hbox (35.63577pt too wide) has occurred while \output is active
\T1/cmr/m/sl/10.95 CAPÍTULO 6.  HITO 5: CONSTRUCCIÓN DE LA CAPA STAGING (BRONZE) \T1/cmr/m/n/10.95 54
 []

[54]
LaTeX Info: Redefining \. on input line 328.
LaTeX Info: Redefining \% on input line 328.

Overfull \hbox (35.63577pt too wide) has occurred while \output is active
\T1/cmr/m/sl/10.95 CAPÍTULO 6.  HITO 5: CONSTRUCCIÓN DE LA CAPA STAGING (BRONZE) \T1/cmr/m/n/10.95 55
 []

[55]
LaTeX Info: Redefining \. on input line 364.
LaTeX Info: Redefining \% on input line 364.

Overfull \hbox (35.63577pt too wide) has occurred while \output is active
\T1/cmr/m/sl/10.95 CAPÍTULO 6.  HITO 5: CONSTRUCCIÓN DE LA CAPA STAGING (BRONZE) \T1/cmr/m/n/10.95 56
 []

[56])
LaTeX Info: Redefining \. on input line 17.
LaTeX Info: Redefining \% on input line 17.

Overfull \hbox (35.63577pt too wide) has occurred while \output is active
\T1/cmr/m/sl/10.95 CAPÍTULO 6.  HITO 5: CONSTRUCCIÓN DE LA CAPA STAGING (BRONZE) \T1/cmr/m/n/10.95 57
 []

[57]
\openout2 = `chapters/hito05_duckdb.aux'.

 (chapters/hito05_duckdb.tex
Cap\'{\i }tulo 7.
[58




]
LaTeX Info: Redefining \. on input line 83.
LaTeX Info: Redefining \% on input line 83.

Overfull \hbox (47.87128pt too wide) has occurred while \output is active
\T1/cmr/m/sl/10.95 CAPÍTULO 7.  HITO 5: CONSTRUCCIÓN DE LA CAPA STAGING EN DUCKDB \T1/cmr/m/n/10.95 59
 []

[59]
chapters/hito05_duckdb.tex:129: Missing $ inserted.
<inserted text> 
                $
l.129 ...emporalmente \texttt{etl/run_sql_file.py}
                                                   para ejecutar:
I've inserted a begin-math/end-math symbol since I think
you left one out. Proceed, with fingers crossed.

chapters/hito05_duckdb.tex:129: Extra }, or forgotten $.
<recently read> \egroup 
                        
l.129 ...emporalmente \texttt{etl/run_sql_file.py}
                                                   para ejecutar:
I've deleted a group-closing symbol because it seems to be
spurious, as in `$x}$'. But perhaps the } is legitimate and
you forgot something else, as in `\hbox{$x}'. In such cases
the way to recover is to insert both the forgotten and the
deleted material, e.g., by typing `I$}'.

chapters/hito05_duckdb.tex:130: Missing $ inserted.
<inserted text> 
                $
l.130 
      
I've inserted a begin-math/end-math symbol since I think
you left one out. Proceed, with fingers crossed.

LaTeX Info: Redefining \. on input line 135.
LaTeX Info: Redefining \% on input line 135.

Overfull \hbox (47.87128pt too wide) has occurred while \output is active
\T1/cmr/m/sl/10.95 CAPÍTULO 7.  HITO 5: CONSTRUCCIÓN DE LA CAPA STAGING EN DUCKDB \T1/cmr/m/n/10.95 60
 []

[60]
chapters/hito05_duckdb.tex:153: Missing $ inserted.
<inserted text> 
                $
l.153 ...tion{Paso 6: Crear tabla tipo_cambio_raw}
                                                  
I've inserted a begin-math/end-math symbol since I think
you left one out. Proceed, with fingers crossed.

chapters/hito05_duckdb.tex:153: Missing $ inserted.
<inserted text> 
                $
l.153 ...tion{Paso 6: Crear tabla tipo_cambio_raw}
                                                  
I've inserted a begin-math/end-math symbol since I think
you left one out. Proceed, with fingers crossed.


Package hyperref Warning: Token not allowed in a PDF string (Unicode):
(hyperref)                removing `subscript' on input line 153.


Package hyperref Warning: Token not allowed in a PDF string (Unicode):
(hyperref)                removing `subscript' on input line 153.

LaTeX Font Info:    Font shape `T1/cmtt/bx/n' in size <10.95> not available
(Font)              Font shape `T1/cmtt/m/n' tried instead on input line 158.
chapters/hito05_duckdb.tex:177: Missing $ inserted.
<inserted text> 
                $
l.177 ...Paso 7: Crear tabla balance_bancario_raw}
                                                  
I've inserted a begin-math/end-math symbol since I think
you left one out. Proceed, with fingers crossed.

chapters/hito05_duckdb.tex:177: Missing $ inserted.
<inserted text> 
                $
l.177 ...Paso 7: Crear tabla balance_bancario_raw}
                                                  
I've inserted a begin-math/end-math symbol since I think
you left one out. Proceed, with fingers crossed.


Package hyperref Warning: Token not allowed in a PDF string (Unicode):
(hyperref)                removing `subscript' on input line 177.


Package hyperref Warning: Token not allowed in a PDF string (Unicode):
(hyperref)                removing `subscript' on input line 177.

LaTeX Info: Redefining \. on input line 181.
LaTeX Info: Redefining \% on input line 181.

Overfull \hbox (47.87128pt too wide) has occurred while \output is active
\T1/cmr/m/sl/10.95 CAPÍTULO 7.  HITO 5: CONSTRUCCIÓN DE LA CAPA STAGING EN DUCKDB \T1/cmr/m/n/10.95 61
 []

[61]
Overfull \hbox (13.4555pt too wide) in paragraph at lines 182--183
[][][][][][][][][][][][][][][][] 
 []


Overfull \hbox (2.16063pt too wide) in paragraph at lines 219--220
[]\T1/cmtt/m/n/10.95 La idea es cargar primero los datos crudos y validar después. 
 []

LaTeX Info: Redefining \. on input line 224.
LaTeX Info: Redefining \% on input line 224.

Overfull \hbox (47.87128pt too wide) has occurred while \output is active
\T1/cmr/m/sl/10.95 CAPÍTULO 7.  HITO 5: CONSTRUCCIÓN DE LA CAPA STAGING EN DUCKDB \T1/cmr/m/n/10.95 62
 []

[62]
LaTeX Info: Redefining \. on input line 281.
LaTeX Info: Redefining \% on input line 281.

Overfull \hbox (47.87128pt too wide) has occurred while \output is active
\T1/cmr/m/sl/10.95 CAPÍTULO 7.  HITO 5: CONSTRUCCIÓN DE LA CAPA STAGING EN DUCKDB \T1/cmr/m/n/10.95 63
 []

[63]
LaTeX Info: Redefining \. on input line 321.
LaTeX Info: Redefining \% on input line 321.

Overfull \hbox (47.87128pt too wide) has occurred while \output is active
\T1/cmr/m/sl/10.95 CAPÍTULO 7.  HITO 5: CONSTRUCCIÓN DE LA CAPA STAGING EN DUCKDB \T1/cmr/m/n/10.95 64
 []

[64]
LaTeX Info: Redefining \. on input line 373.
LaTeX Info: Redefining \% on input line 373.

Overfull \hbox (47.87128pt too wide) has occurred while \output is active
\T1/cmr/m/sl/10.95 CAPÍTULO 7.  HITO 5: CONSTRUCCIÓN DE LA CAPA STAGING EN DUCKDB \T1/cmr/m/n/10.95 65
 []

[65]
chapters/hito05_duckdb.tex:384: Missing $ inserted.
<inserted text> 
                $
l.384 \item[$\Box$] Tabla \texttt{tipo_cambio_raw}
                                                   creada.
I've inserted a begin-math/end-math symbol since I think
you left one out. Proceed, with fingers crossed.

chapters/hito05_duckdb.tex:384: Extra }, or forgotten $.
<recently read> \egroup 
                        
l.384 \item[$\Box$] Tabla \texttt{tipo_cambio_raw}
                                                   creada.
I've deleted a group-closing symbol because it seems to be
spurious, as in `$x}$'. But perhaps the } is legitimate and
you forgot something else, as in `\hbox{$x}'. In such cases
the way to recover is to insert both the forgotten and the
deleted material, e.g., by typing `I$}'.


chapters/hito05_duckdb.tex:385: LaTeX Error: Command \item invalid in math mode.

See the LaTeX manual or LaTeX Companion for explanation.
Type  H <return>  for immediate help.
 ...                                              
                                                  
l.385 \item
           [$\Box$] Tabla \texttt{balance_bancario_raw} creada.
Try typing  <return>  to proceed.
If that doesn't work, type  X <return>  to quit.

chapters/hito05_duckdb.tex:385: Missing $ inserted.
<inserted text> 
                $
l.385 \item[$\Box$]
                    Tabla \texttt{balance_bancario_raw} creada.
I've inserted a begin-math/end-math symbol since I think
you left one out. Proceed, with fingers crossed.

chapters/hito05_duckdb.tex:385: Missing $ inserted.
<inserted text> 
                $
l.385 ...Box$] Tabla \texttt{balance_bancario_raw}
                                                   creada.
I've inserted a begin-math/end-math symbol since I think
you left one out. Proceed, with fingers crossed.

chapters/hito05_duckdb.tex:385: Extra }, or forgotten $.
<recently read> \egroup 
                        
l.385 ...Box$] Tabla \texttt{balance_bancario_raw}
                                                   creada.
I've deleted a group-closing symbol because it seems to be
spurious, as in `$x}$'. But perhaps the } is legitimate and
you forgot something else, as in `\hbox{$x}'. In such cases
the way to recover is to insert both the forgotten and the
deleted material, e.g., by typing `I$}'.


chapters/hito05_duckdb.tex:386: LaTeX Error: Command \item invalid in math mode.

See the LaTeX manual or LaTeX Companion for explanation.
Type  H <return>  for immediate help.
 ...                                              
                                                  
l.386 \item
           [$\Box$] Script \texttt{init_database.py} ejecutado.
Try typing  <return>  to proceed.
If that doesn't work, type  X <return>  to quit.

chapters/hito05_duckdb.tex:386: Missing $ inserted.
<inserted text> 
                $
l.386 \item[$\Box$]
                    Script \texttt{init_database.py} ejecutado.
I've inserted a begin-math/end-math symbol since I think
you left one out. Proceed, with fingers crossed.

chapters/hito05_duckdb.tex:386: Missing $ inserted.
<inserted text> 
                $
l.386 ...[$\Box$] Script \texttt{init_database.py}
                                                   ejecutado.
I've inserted a begin-math/end-math symbol since I think
you left one out. Proceed, with fingers crossed.

chapters/hito05_duckdb.tex:386: Extra }, or forgotten $.
<recently read> \egroup 
                        
l.386 ...[$\Box$] Script \texttt{init_database.py}
                                                   ejecutado.
I've deleted a group-closing symbol because it seems to be
spurious, as in `$x}$'. But perhaps the } is legitimate and
you forgot something else, as in `\hbox{$x}'. In such cases
the way to recover is to insert both the forgotten and the
deleted material, e.g., by typing `I$}'.


chapters/hito05_duckdb.tex:387: LaTeX Error: Command \item invalid in math mode.

See the LaTeX manual or LaTeX Companion for explanation.
Type  H <return>  for immediate help.
 ...                                              
                                                  
l.387 \item
           [$\Box$] Consulta de monitoreo creada.
Try typing  <return>  to proceed.
If that doesn't work, type  X <return>  to quit.

chapters/hito05_duckdb.tex:387: Missing $ inserted.
<inserted text> 
                $
l.387 \item[$\Box$]
                    Consulta de monitoreo creada.
I've inserted a begin-math/end-math symbol since I think
you left one out. Proceed, with fingers crossed.

chapters/hito05_duckdb.tex:388: Missing } inserted.
<inserted text> 
                }
l.388 \end{itemize}
                   
I've inserted something that you may have forgotten.
(See the <inserted text> above.)
With luck, this will get me unwedged. But if you
really didn't forget anything, try typing `2' now; then
my insertion and my current dilemma will both disappear.

chapters/hito05_duckdb.tex:388: Missing } inserted.
<inserted text> 
                }
l.388 \end{itemize}
                   
I've inserted something that you may have forgotten.
(See the <inserted text> above.)
With luck, this will get me unwedged. But if you
really didn't forget anything, try typing `2' now; then
my insertion and my current dilemma will both disappear.

chapters/hito05_duckdb.tex:388: Missing } inserted.
<inserted text> 
                }
l.388 \end{itemize}
                   
I've inserted something that you may have forgotten.
(See the <inserted text> above.)
With luck, this will get me unwedged. But if you
really didn't forget anything, try typing `2' now; then
my insertion and my current dilemma will both disappear.

LaTeX Info: Redefining \. on input line 411.
LaTeX Info: Redefining \% on input line 411.

Overfull \hbox (47.87128pt too wide) has occurred while \output is active
\T1/cmr/m/sl/10.95 CAPÍTULO 7.  HITO 5: CONSTRUCCIÓN DE LA CAPA STAGING EN DUCKDB \T1/cmr/m/n/10.95 66
 []

[66])
LaTeX Info: Redefining \. on input line 18.
LaTeX Info: Redefining \% on input line 18.

Overfull \hbox (47.87128pt too wide) has occurred while \output is active
\T1/cmr/m/sl/10.95 CAPÍTULO 7.  HITO 5: CONSTRUCCIÓN DE LA CAPA STAGING EN DUCKDB \T1/cmr/m/n/10.95 67
 []

[67]
\openout2 = `chapters/hito06.aux'.

 (chapters/hito06.tex
Cap\'{\i }tulo 8.

Overfull \hbox (7.819pt too wide) in paragraph at lines 5--6
[]\T1/cmtt/m/n/10.95 El objetivo de este hito es construir el primer flujo completo
 []

[68




]
LaTeX Info: Redefining \. on input line 82.
LaTeX Info: Redefining \% on input line 82.

Overfull \hbox (9.93738pt too wide) has occurred while \output is active
\T1/cmr/m/sl/10.95 CAPÍTULO 8.  HITO 6: CONSTRUCCIÓN DEL PRIMER PROCESO ETL \T1/cmr/m/n/10.95 69
 []

[69]
LaTeX Info: Redefining \. on input line 126.
LaTeX Info: Redefining \% on input line 126.

Overfull \hbox (9.93738pt too wide) has occurred while \output is active
\T1/cmr/m/sl/10.95 CAPÍTULO 8.  HITO 6: CONSTRUCCIÓN DEL PRIMER PROCESO ETL \T1/cmr/m/n/10.95 70
 []

[70]
LaTeX Info: Redefining \. on input line 176.
LaTeX Info: Redefining \% on input line 176.

Overfull \hbox (9.93738pt too wide) has occurred while \output is active
\T1/cmr/m/sl/10.95 CAPÍTULO 8.  HITO 6: CONSTRUCCIÓN DEL PRIMER PROCESO ETL \T1/cmr/m/n/10.95 71
 []

[71]
LaTeX Info: Redefining \. on input line 224.
LaTeX Info: Redefining \% on input line 224.

Overfull \hbox (9.93738pt too wide) has occurred while \output is active
\T1/cmr/m/sl/10.95 CAPÍTULO 8.  HITO 6: CONSTRUCCIÓN DEL PRIMER PROCESO ETL \T1/cmr/m/n/10.95 72
 []

[72]
LaTeX Info: Redefining \. on input line 270.
LaTeX Info: Redefining \% on input line 270.

Overfull \hbox (9.93738pt too wide) has occurred while \output is active
\T1/cmr/m/sl/10.95 CAPÍTULO 8.  HITO 6: CONSTRUCCIÓN DEL PRIMER PROCESO ETL \T1/cmr/m/n/10.95 73
 []

[73]
LaTeX Info: Redefining \. on input line 308.
LaTeX Info: Redefining \% on input line 308.

Overfull \hbox (9.93738pt too wide) has occurred while \output is active
\T1/cmr/m/sl/10.95 CAPÍTULO 8.  HITO 6: CONSTRUCCIÓN DEL PRIMER PROCESO ETL \T1/cmr/m/n/10.95 74
 []

[74]
LaTeX Info: Redefining \. on input line 365.
LaTeX Info: Redefining \% on input line 365.

Overfull \hbox (9.93738pt too wide) has occurred while \output is active
\T1/cmr/m/sl/10.95 CAPÍTULO 8.  HITO 6: CONSTRUCCIÓN DEL PRIMER PROCESO ETL \T1/cmr/m/n/10.95 75
 []

[75]
LaTeX Info: Redefining \. on input line 416.
LaTeX Info: Redefining \% on input line 416.

Overfull \hbox (9.93738pt too wide) has occurred while \output is active
\T1/cmr/m/sl/10.95 CAPÍTULO 8.  HITO 6: CONSTRUCCIÓN DEL PRIMER PROCESO ETL \T1/cmr/m/n/10.95 76
 []

[76]
LaTeX Info: Redefining \. on input line 454.
LaTeX Info: Redefining \% on input line 454.

Overfull \hbox (9.93738pt too wide) has occurred while \output is active
\T1/cmr/m/sl/10.95 CAPÍTULO 8.  HITO 6: CONSTRUCCIÓN DEL PRIMER PROCESO ETL \T1/cmr/m/n/10.95 77
 []

[77]
Overfull \hbox (35.16917pt too wide) in paragraph at lines 458--459
[]\T1/cmtt/m/n/10.95 Primera transformación desde staging hacia el modelo dimensional. 
 []

)
LaTeX Info: Redefining \. on input line 19.
LaTeX Info: Redefining \% on input line 19.

Overfull \hbox (9.93738pt too wide) has occurred while \output is active
\T1/cmr/m/sl/10.95 CAPÍTULO 8.  HITO 6: CONSTRUCCIÓN DEL PRIMER PROCESO ETL \T1/cmr/m/n/10.95 78
 []

[78] (main.aux
LaTeX Info: Redefining \. on input line 11.
LaTeX Info: Redefining \% on input line 11.
 (chapters/hito01.aux) (chapters/hito02.aux) (chapters/hito02_duckdb.aux) (chapters/hito03.aux) (chapters/hito04.aux) (chapters/hito05.aux) (chapters/hito05_duckdb.aux) (chapters/hito06.aux))
 ***********
LaTeX2e <2025-11-01>
L3 programming layer <2025-12-24>
 ***********
Package rerunfilecheck Info: File `main.out' has not changed.
(rerunfilecheck)             Checksum: 828011F4996DBFAD8F67CF9CFC72360B;35052.
 )
(\end occurred inside a group at level 1)

### simple group (level 1) entered at line 129 ({)
### bottom level 
Here is how much of TeX's memory you used:
 14871 strings out of 467871
 229182 string characters out of 5417408
 829357 words of memory out of 5000000
 42529 multiletter control sequences out of 15000+600000
 646833 words of font info for 90 fonts, out of 8000000 for 9000
 1141 hyphenation exceptions out of 8191
 80i,6n,82p,536b,2108s stack positions out of 10000i,1000n,20000p,200000b,200000s
 <C:\Users\2009138\AppData\Local\MiKTeX\fonts/pk/ljfour/jknappen/ec/dpi600\ecbx1200.pk> <C:\Users\2009138\AppData\Local\MiKTeX\fonts/pk/ljfour/jknappen/ec/dpi600\tcrm1095.pk> <C:\Users\2009138\AppData\Local\MiKTeX\fonts/pk/ljfour/jknappen/ec/dpi600\ectt1095.pk> <C:\Users\2009138\AppData\Local\MiKTeX\fonts/pk/ljfour/jknappen/ec/dpi600\ecbx1440.pk> <C:\Users\2009138\AppData\Local\MiKTeX\fonts/pk/ljfour/jknappen/ec/dpi600\ecbx2074.pk> <C:\Users\2009138\AppData\Local\MiKTeX\fonts/pk/ljfour/jknappen/ec/dpi600\ecsl1095.pk> <C:\Users\2009138\AppData\Local\MiKTeX\fonts/pk/ljfour/jknappen/ec/dpi600\ecrm1095.pk> <C:\Users\2009138\AppData\Local\MiKTeX\fonts/pk/ljfour/jknappen/ec/dpi600\ecbx1095.pk> <C:\Users\2009138\AppData\Local\MiKTeX\fonts/pk/ljfour/jknappen/ec/dpi600\ecbx2488.pk> <C:\Users\2009138\AppData\Local\MiKTeX\fonts/pk/ljfour/jknappen/ec/dpi600\ecrm1200.pk> <C:\Users\2009138\AppData\Local\MiKTeX\fonts/pk/ljfour/jknappen/ec/dpi600\tcrm1728.pk> <C:\Users\2009138\AppData\Local\MiKTeX\fonts/pk/ljfour/jknappen/ec/dpi600\ecrm1728.pk><C:/Users/2009138/AppData/Local/Programs/MiKTeX/fonts/type1/public/amsfonts/cm/cmmi10.pfb><C:/Users/2009138/AppData/Local/Programs/MiKTeX/fonts/type1/public/amsfonts/cm/cmmi12.pfb><C:/Users/2009138/AppData/Local/Programs/MiKTeX/fonts/type1/public/amsfonts/cm/cmmi8.pfb><C:/Users/2009138/AppData/Local/Programs/MiKTeX/fonts/type1/public/amsfonts/cm/cmr10.pfb><C:/Users/2009138/AppData/Local/Programs/MiKTeX/fonts/type1/public/amsfonts/cm/cmsy10.pfb><C:/Users/2009138/AppData/Local/Programs/MiKTeX/fonts/type1/public/amsfonts/symbols/msam10.pfb>
Output written on main.pdf (79 pages, 583619 bytes).
PDF statistics:
 2719 PDF objects out of 2984 (max. 8388607)
 1004 named destinations out of 1200 (max. 500000)
 1361 words of extra memory for PDF output out of 10000 (max. 10000000)

