\BOOKMARK [0][-]{chapter.1}{\376\377\000H\000i\000t\000o\000\040\0001\000:\000\040\000C\000r\000e\000a\000c\000i\000\363\000n\000\040\000d\000e\000l\000\040\000P\000r\000o\000y\000e\000c\000t\000o}{}% 1
\BOOKMARK [1][-]{section.1.1}{\376\377\000O\000b\000j\000e\000t\000i\000v\000o}{chapter.1}% 2
\BOOKMARK [1][-]{section.1.2}{\376\377\000R\000e\000s\000u\000l\000t\000a\000d\000o\000\040\000e\000s\000p\000e\000r\000a\000d\000o}{chapter.1}% 3
\BOOKMARK [1][-]{section.1.3}{\376\377\000P\000a\000s\000o\000\040\0001\000:\000\040\000C\000r\000e\000a\000r\000\040\000l\000a\000\040\000c\000a\000r\000p\000e\000t\000a\000\040\000d\000e\000l\000\040\000p\000r\000o\000y\000e\000c\000t\000o}{chapter.1}% 4
\BOOKMARK [1][-]{section.1.4}{\376\377\000P\000a\000s\000o\000\040\0002\000:\000\040\000A\000b\000r\000i\000r\000\040\000e\000l\000\040\000p\000r\000o\000y\000e\000c\000t\000o\000\040\000e\000n\000\040\000V\000S\000\040\000C\000o\000d\000e}{chapter.1}% 5
\BOOKMARK [1][-]{section.1.5}{\376\377\000P\000a\000s\000o\000\040\0003\000:\000\040\000I\000n\000i\000c\000i\000a\000l\000i\000z\000a\000r\000\040\000G\000i\000t}{chapter.1}% 6
\BOOKMARK [1][-]{section.1.6}{\376\377\000P\000a\000s\000o\000\040\0004\000:\000\040\000C\000r\000e\000a\000r\000\040\000l\000a\000\040\000e\000s\000t\000r\000u\000c\000t\000u\000r\000a\000\040\000d\000e\000\040\000c\000a\000r\000p\000e\000t\000a\000s}{chapter.1}% 7
\BOOKMARK [1][-]{section.1.7}{\376\377\000P\000a\000s\000o\000\040\0005\000:\000\040\000C\000r\000e\000a\000r\000\040\000l\000o\000s\000\040\000a\000r\000c\000h\000i\000v\000o\000s\000\040\000i\000n\000i\000c\000i\000a\000l\000e\000s}{chapter.1}% 8
\BOOKMARK [1][-]{section.1.8}{\376\377\000P\000a\000s\000o\000\040\0006\000:\000\040\000C\000o\000n\000f\000i\000g\000u\000r\000a\000r\000\040\000e\000l\000\040\000a\000r\000c\000h\000i\000v\000o\000\040\000.\000g\000i\000t\000i\000g\000n\000o\000r\000e}{chapter.1}% 9
\BOOKMARK [1][-]{section.1.9}{\376\377\000P\000a\000s\000o\000\040\0007\000:\000\040\000C\000r\000e\000a\000r\000\040\000e\000l\000\040\000R\000E\000A\000D\000M\000E\000\040\000i\000n\000i\000c\000i\000a\000l}{chapter.1}% 10
\BOOKMARK [1][-]{section.1.10}{\376\377\000P\000a\000s\000o\000\040\0008\000:\000\040\000C\000r\000e\000a\000r\000\040\000e\000l\000\040\000e\000n\000t\000o\000r\000n\000o\000\040\000v\000i\000r\000t\000u\000a\000l}{chapter.1}% 11
\BOOKMARK [1][-]{section.1.11}{\376\377\000P\000a\000s\000o\000\040\0009\000:\000\040\000I\000n\000s\000t\000a\000l\000a\000r\000\040\000d\000e\000p\000e\000n\000d\000e\000n\000c\000i\000a\000s\000\040\000m\000\355\000n\000i\000m\000a\000s}{chapter.1}% 12
\BOOKMARK [1][-]{section.1.12}{\376\377\000P\000a\000s\000o\000\040\0001\0000\000:\000\040\000R\000e\000a\000l\000i\000z\000a\000r\000\040\000e\000l\000\040\000p\000r\000i\000m\000e\000r\000\040\000c\000o\000m\000m\000i\000t}{chapter.1}% 13
\BOOKMARK [1][-]{section.1.13}{\376\377\000C\000h\000e\000c\000k\000l\000i\000s\000t\000\040\000d\000e\000\040\000v\000a\000l\000i\000d\000a\000c\000i\000\363\000n}{chapter.1}% 14
\BOOKMARK [1][-]{section.1.14}{\376\377\000E\000n\000t\000r\000e\000g\000a\000b\000l\000e}{chapter.1}% 15
\BOOKMARK [1][-]{section.1.15}{\376\377\000P\000r\000\363\000x\000i\000m\000o\000\040\000h\000i\000t\000o}{chapter.1}% 16
\BOOKMARK [0][-]{chapter.2}{\376\377\000H\000i\000t\000o\000\040\0002\000:\000\040\000I\000n\000s\000t\000a\000l\000a\000c\000i\000\363\000n\000\040\000y\000\040\000C\000o\000n\000f\000i\000g\000u\000r\000a\000c\000i\000\363\000n\000\040\000d\000e\000\040\000P\000o\000s\000t\000g\000r\000e\000S\000Q\000L}{}% 17
\BOOKMARK [1][-]{section.2.1}{\376\377\000O\000b\000j\000e\000t\000i\000v\000o}{chapter.2}% 18
\BOOKMARK [1][-]{section.2.2}{\376\377\000R\000e\000s\000u\000l\000t\000a\000d\000o\000\040\000e\000s\000p\000e\000r\000a\000d\000o}{chapter.2}% 19
\BOOKMARK [1][-]{section.2.3}{\376\377\000P\000a\000s\000o\000\040\0001\000:\000\040\000V\000e\000r\000i\000f\000i\000c\000a\000r\000\040\000i\000n\000s\000t\000a\000l\000a\000c\000i\000\363\000n\000\040\000d\000e\000\040\000P\000o\000s\000t\000g\000r\000e\000S\000Q\000L}{chapter.2}% 20
\BOOKMARK [1][-]{section.2.4}{\376\377\000P\000a\000s\000o\000\040\0002\000:\000\040\000I\000n\000i\000c\000i\000a\000r\000\040\000P\000o\000s\000t\000g\000r\000e\000S\000Q\000L}{chapter.2}% 21
\BOOKMARK [1][-]{section.2.5}{\376\377\000P\000a\000s\000o\000\040\0003\000:\000\040\000C\000o\000n\000e\000c\000t\000a\000r\000s\000e\000\040\000a\000l\000\040\000s\000e\000r\000v\000i\000d\000o\000r}{chapter.2}% 22
\BOOKMARK [1][-]{section.2.6}{\376\377\000P\000a\000s\000o\000\040\0004\000:\000\040\000C\000r\000e\000a\000r\000\040\000l\000a\000\040\000b\000a\000s\000e\000\040\000d\000e\000\040\000d\000a\000t\000o\000s}{chapter.2}% 23
\BOOKMARK [1][-]{section.2.7}{\376\377\000P\000a\000s\000o\000\040\0005\000:\000\040\000C\000o\000n\000e\000c\000t\000a\000r\000s\000e\000\040\000a\000\040\000l\000a\000\040\000n\000u\000e\000v\000a\000\040\000b\000a\000s\000e}{chapter.2}% 24
\BOOKMARK [1][-]{section.2.8}{\376\377\000P\000a\000s\000o\000\040\0006\000:\000\040\000C\000r\000e\000a\000r\000\040\000a\000r\000c\000h\000i\000v\000o\000\040\000.\000e\000n\000v}{chapter.2}% 25
\BOOKMARK [1][-]{section.2.9}{\376\377\000P\000a\000s\000o\000\040\0007\000:\000\040\000A\000c\000t\000u\000a\000l\000i\000z\000a\000r\000\040\000.\000e\000n\000v\000.\000e\000x\000a\000m\000p\000l\000e}{chapter.2}% 26
\BOOKMARK [1][-]{section.2.10}{\376\377\000P\000a\000s\000o\000\040\0008\000:\000\040\000C\000r\000e\000a\000r\000\040\000m\000\363\000d\000u\000l\000o\000\040\000d\000e\000\040\000c\000o\000n\000e\000x\000i\000\363\000n}{chapter.2}% 27
\BOOKMARK [1][-]{section.2.11}{\376\377\000P\000a\000s\000o\000\040\0009\000:\000\040\000P\000r\000o\000b\000a\000r\000\040\000l\000a\000\040\000c\000o\000n\000e\000x\000i\000\363\000n}{chapter.2}% 28
\BOOKMARK [1][-]{section.2.12}{\376\377\000P\000a\000s\000o\000\040\0001\0000\000:\000\040\000R\000e\000a\000l\000i\000z\000a\000r\000\040\000u\000n\000a\000\040\000c\000o\000n\000s\000u\000l\000t\000a\000\040\000d\000e\000s\000d\000e\000\040\000P\000y\000t\000h\000o\000n}{chapter.2}% 29
\BOOKMARK [1][-]{section.2.13}{\376\377\000P\000a\000s\000o\000\040\0001\0001\000:\000\040\000I\000n\000s\000t\000a\000l\000a\000r\000\040\000e\000x\000t\000e\000n\000s\000i\000o\000n\000e\000s\000\040\000d\000e\000\040\000V\000S\000\040\000C\000o\000d\000e}{chapter.2}% 30
\BOOKMARK [1][-]{section.2.14}{\376\377\000P\000a\000s\000o\000\040\0001\0002\000:\000\040\000C\000r\000e\000a\000r\000\040\000p\000r\000i\000m\000e\000r\000\040\000s\000c\000r\000i\000p\000t\000\040\000S\000Q\000L}{chapter.2}% 31
\BOOKMARK [1][-]{section.2.15}{\376\377\000C\000h\000e\000c\000k\000l\000i\000s\000t\000\040\000d\000e\000\040\000v\000a\000l\000i\000d\000a\000c\000i\000\363\000n}{chapter.2}% 32
\BOOKMARK [1][-]{section.2.16}{\376\377\000E\000n\000t\000r\000e\000g\000a\000b\000l\000e}{chapter.2}% 33
\BOOKMARK [1][-]{section.2.17}{\376\377\000P\000r\000\363\000x\000i\000m\000o\000\040\000h\000i\000t\000o}{chapter.2}% 34
\BOOKMARK [0][-]{chapter.3}{\376\377\000H\000i\000t\000o\000\040\0002\000:\000\040\000C\000o\000n\000f\000i\000g\000u\000r\000a\000c\000i\000\363\000n\000\040\000d\000e\000\040\000D\000u\000c\000k\000D\000B\000\040\000c\000o\000m\000o\000\040\000B\000a\000s\000e\000\040\000d\000e\000\040\000D\000a\000t\000o\000s\000\040\000A\000n\000a\000l\000\355\000t\000i\000c\000a\000\040\000L\000o\000c\000a\000l}{}% 35
\BOOKMARK [1][-]{section.3.1}{\376\377\000O\000b\000j\000e\000t\000i\000v\000o}{chapter.3}% 36
\BOOKMARK [1][-]{section.3.2}{\376\377\000R\000e\000s\000u\000l\000t\000a\000d\000o\000\040\000e\000s\000p\000e\000r\000a\000d\000o}{chapter.3}% 37
\BOOKMARK [1][-]{section.3.3}{\376\377\000\277\000P\000o\000r\000\040\000q\000u\000\351\000\040\000D\000u\000c\000k\000D\000B\000?}{chapter.3}% 38
\BOOKMARK [1][-]{section.3.4}{\376\377\000A\000r\000q\000u\000i\000t\000e\000c\000t\000u\000r\000a\000\040\000d\000e\000l\000\040\000h\000i\000t\000o}{chapter.3}% 39
\BOOKMARK [1][-]{section.3.5}{\376\377\000P\000a\000s\000o\000\040\0001\000:\000\040\000A\000c\000t\000u\000a\000l\000i\000z\000a\000r\000\040\000l\000a\000\040\000e\000s\000t\000r\000u\000c\000t\000u\000r\000a\000\040\000d\000e\000l\000\040\000p\000r\000o\000y\000e\000c\000t\000o}{chapter.3}% 40
\BOOKMARK [1][-]{section.3.6}{\376\377\000P\000a\000s\000o\000\040\0002\000:\000\040\000I\000n\000s\000t\000a\000l\000a\000r\000\040\000D\000u\000c\000k\000D\000B}{chapter.3}% 41
\BOOKMARK [1][-]{section.3.7}{\376\377\000P\000a\000s\000o\000\040\0003\000:\000\040\000V\000e\000r\000i\000f\000i\000c\000a\000r\000\040\000i\000n\000s\000t\000a\000l\000a\000c\000i\000\363\000n}{chapter.3}% 42
\BOOKMARK [1][-]{section.3.8}{\376\377\000P\000a\000s\000o\000\040\0004\000:\000\040\000C\000r\000e\000a\000r\000\040\000a\000r\000c\000h\000i\000v\000o\000\040\000d\000e\000\040\000c\000o\000n\000f\000i\000g\000u\000r\000a\000c\000i\000\363\000n}{chapter.3}% 43
\BOOKMARK [1][-]{section.3.9}{\376\377\000P\000a\000s\000o\000\040\0005\000:\000\040\000A\000c\000t\000u\000a\000l\000i\000z\000a\000r\000\040\000.\000e\000n\000v\000.\000e\000x\000a\000m\000p\000l\000e}{chapter.3}% 44
\BOOKMARK [1][-]{section.3.10}{\376\377\000P\000a\000s\000o\000\040\0006\000:\000\040\000C\000r\000e\000a\000r\000\040\000m\000\363\000d\000u\000l\000o\000\040\000d\000e\000\040\000c\000o\000n\000e\000x\000i\000\363\000n}{chapter.3}% 45
\BOOKMARK [1][-]{section.3.11}{\376\377\000P\000a\000s\000o\000\040\0007\000:\000\040\000E\000j\000e\000c\000u\000t\000a\000r\000\040\000p\000r\000u\000e\000b\000a\000\040\000d\000e\000\040\000c\000o\000n\000e\000x\000i\000\363\000n}{chapter.3}% 46
\BOOKMARK [1][-]{section.3.12}{\376\377\000P\000a\000s\000o\000\040\0008\000:\000\040\000V\000e\000r\000i\000f\000i\000c\000a\000r\000\040\000a\000r\000c\000h\000i\000v\000o\000\040\000d\000e\000\040\000b\000a\000s\000e\000\040\000d\000e\000\040\000d\000a\000t\000o\000s}{chapter.3}% 47
\BOOKMARK [1][-]{section.3.13}{\376\377\000P\000a\000s\000o\000\040\0009\000:\000\040\000C\000r\000e\000a\000r\000\040\000p\000r\000i\000m\000e\000r\000\040\000s\000c\000r\000i\000p\000t\000\040\000S\000Q\000L}{chapter.3}% 48
\BOOKMARK [1][-]{section.3.14}{\376\377\000P\000a\000s\000o\000\040\0001\0000\000:\000\040\000E\000j\000e\000c\000u\000t\000a\000r\000\040\000S\000Q\000L\000\040\000d\000e\000s\000d\000e\000\040\000P\000y\000t\000h\000o\000n}{chapter.3}% 49
\BOOKMARK [1][-]{section.3.15}{\376\377\000P\000a\000s\000o\000\040\0001\0001\000:\000\040\000I\000n\000s\000t\000a\000l\000a\000r\000\040\000e\000x\000t\000e\000n\000s\000i\000\363\000n\000\040\000r\000e\000c\000o\000m\000e\000n\000d\000a\000d\000a\000\040\000e\000n\000\040\000V\000S\000\040\000C\000o\000d\000e}{chapter.3}% 50
\BOOKMARK [1][-]{section.3.16}{\376\377\000P\000a\000s\000o\000\040\0001\0002\000:\000\040\000C\000r\000e\000a\000r\000\040\000c\000o\000n\000s\000u\000l\000t\000a\000\040\000d\000e\000\040\000p\000r\000u\000e\000b\000a}{chapter.3}% 51
\BOOKMARK [1][-]{section.3.17}{\376\377\000D\000i\000f\000e\000r\000e\000n\000c\000i\000a\000s\000\040\000i\000m\000p\000o\000r\000t\000a\000n\000t\000e\000s\000\040\000f\000r\000e\000n\000t\000e\000\040\000a\000\040\000P\000o\000s\000t\000g\000r\000e\000S\000Q\000L}{chapter.3}% 52
\BOOKMARK [1][-]{section.3.18}{\376\377\000B\000u\000e\000n\000a\000s\000\040\000p\000r\000\341\000c\000t\000i\000c\000a\000s}{chapter.3}% 53
\BOOKMARK [1][-]{section.3.19}{\376\377\000C\000h\000e\000c\000k\000l\000i\000s\000t\000\040\000d\000e\000\040\000v\000a\000l\000i\000d\000a\000c\000i\000\363\000n}{chapter.3}% 54
\BOOKMARK [1][-]{section.3.20}{\376\377\000E\000n\000t\000r\000e\000g\000a\000b\000l\000e}{chapter.3}% 55
\BOOKMARK [1][-]{section.3.21}{\376\377\000P\000r\000\363\000x\000i\000m\000o\000\040\000h\000i\000t\000o}{chapter.3}% 56
\BOOKMARK [0][-]{chapter.4}{\376\377\000H\000i\000t\000o\000\040\0003\000:\000\040\000D\000i\000s\000e\000\361\000o\000\040\000d\000e\000\040\000l\000a\000s\000\040\000F\000u\000e\000n\000t\000e\000s\000\040\000d\000e\000\040\000D\000a\000t\000o\000s\000\040\000e\000\040\000I\000n\000g\000e\000s\000t\000a\000\040\000I\000n\000i\000c\000i\000a\000l}{}% 57
\BOOKMARK [1][-]{section.4.1}{\376\377\000O\000b\000j\000e\000t\000i\000v\000o}{chapter.4}% 58
\BOOKMARK [1][-]{section.4.2}{\376\377\000\277\000P\000o\000r\000\040\000q\000u\000\351\000\040\000c\000o\000m\000e\000n\000z\000a\000m\000o\000s\000\040\000c\000o\000n\000\040\000a\000r\000c\000h\000i\000v\000o\000s\000\040\000C\000S\000V\000?}{chapter.4}% 59
\BOOKMARK [1][-]{section.4.3}{\376\377\000A\000r\000q\000u\000i\000t\000e\000c\000t\000u\000r\000a\000\040\000d\000e\000\040\000l\000a\000\040\000i\000n\000g\000e\000s\000t\000a}{chapter.4}% 60
\BOOKMARK [1][-]{section.4.4}{\376\377\000F\000u\000e\000n\000t\000e\000s\000\040\000u\000t\000i\000l\000i\000z\000a\000d\000a\000s}{chapter.4}% 61
\BOOKMARK [2][-]{subsection.4.4.1}{\376\377\000F\000u\000e\000n\000t\000e\000\040\0001\000:\000\040\000T\000i\000p\000o\000\040\000d\000e\000\040\000C\000a\000m\000b\000i\000o}{section.4.4}% 62
\BOOKMARK [2][-]{subsection.4.4.2}{\376\377\000F\000u\000e\000n\000t\000e\000\040\0002\000:\000\040\000B\000a\000l\000a\000n\000c\000e\000s\000\040\000B\000a\000n\000c\000a\000r\000i\000o\000s}{section.4.4}% 63
\BOOKMARK [1][-]{section.4.5}{\376\377\000P\000a\000s\000o\000\040\0001\000:\000\040\000C\000r\000e\000a\000r\000\040\000e\000s\000t\000r\000u\000c\000t\000u\000r\000a\000\040\000d\000e\000\040\000a\000l\000m\000a\000c\000e\000n\000a\000m\000i\000e\000n\000t\000o}{chapter.4}% 64
\BOOKMARK [1][-]{section.4.6}{\376\377\000P\000a\000s\000o\000\040\0002\000:\000\040\000C\000r\000e\000a\000r\000\040\000a\000r\000c\000h\000i\000v\000o\000\040\000t\000i\000p\000o\000\137\000c\000a\000m\000b\000i\000o\000.\000c\000s\000v}{chapter.4}% 65
\BOOKMARK [1][-]{section.4.7}{\376\377\000P\000a\000s\000o\000\040\0003\000:\000\040\000C\000r\000e\000a\000r\000\040\000a\000r\000c\000h\000i\000v\000o\000\040\000b\000a\000l\000a\000n\000c\000e\000s\000.\000c\000s\000v}{chapter.4}% 66
\BOOKMARK [1][-]{section.4.8}{\376\377\000P\000a\000s\000o\000\040\0004\000:\000\040\000C\000r\000e\000a\000r\000\040\000s\000c\000r\000i\000p\000t\000\040\000d\000e\000\040\000e\000x\000p\000l\000o\000r\000a\000c\000i\000\363\000n}{chapter.4}% 67
\BOOKMARK [1][-]{section.4.9}{\376\377\000P\000a\000s\000o\000\040\0005\000:\000\040\000E\000j\000e\000c\000u\000t\000a\000r\000\040\000e\000x\000p\000l\000o\000r\000a\000c\000i\000\363\000n}{chapter.4}% 68
\BOOKMARK [1][-]{section.4.10}{\376\377\000P\000a\000s\000o\000\040\0006\000:\000\040\000V\000e\000r\000i\000f\000i\000c\000a\000r\000\040\000e\000s\000t\000r\000u\000c\000t\000u\000r\000a}{chapter.4}% 69
\BOOKMARK [1][-]{section.4.11}{\376\377\000P\000a\000s\000o\000\040\0007\000:\000\040\000V\000a\000l\000i\000d\000a\000c\000i\000o\000n\000e\000s\000\040\000b\000\341\000s\000i\000c\000a\000s}{chapter.4}% 70
\BOOKMARK [1][-]{section.4.12}{\376\377\000P\000a\000s\000o\000\040\0008\000:\000\040\000C\000r\000e\000a\000r\000\040\000c\000a\000p\000a\000\040\000p\000r\000o\000c\000e\000s\000s\000e\000d}{chapter.4}% 71
\BOOKMARK [1][-]{section.4.13}{\376\377\000P\000a\000s\000o\000\040\0009\000:\000\040\000G\000u\000a\000r\000d\000a\000r\000\040\000d\000a\000t\000o\000s\000\040\000p\000r\000o\000c\000e\000s\000a\000d\000o\000s}{chapter.4}% 72
\BOOKMARK [1][-]{section.4.14}{\376\377\000P\000a\000s\000o\000\040\0001\0000\000:\000\040\000D\000o\000c\000u\000m\000e\000n\000t\000a\000r\000\040\000l\000a\000s\000\040\000f\000u\000e\000n\000t\000e\000s}{chapter.4}% 73
\BOOKMARK [1][-]{section.4.15}{\376\377\000E\000n\000t\000r\000e\000g\000a\000b\000l\000e\000s}{chapter.4}% 74
\BOOKMARK [1][-]{section.4.16}{\376\377\000C\000h\000e\000c\000k\000l\000i\000s\000t\000\040\000d\000e\000\040\000v\000a\000l\000i\000d\000a\000c\000i\000\363\000n}{chapter.4}% 75
\BOOKMARK [1][-]{section.4.17}{\376\377\000P\000r\000\363\000x\000i\000m\000o\000\040\000h\000i\000t\000o}{chapter.4}% 76
\BOOKMARK [0][-]{chapter.5}{\376\377\000H\000i\000t\000o\000\040\0004\000:\000\040\000D\000i\000s\000e\000\361\000o\000\040\000d\000e\000l\000\040\000M\000o\000d\000e\000l\000o\000\040\000D\000i\000m\000e\000n\000s\000i\000o\000n\000a\000l}{}% 77
\BOOKMARK [1][-]{section.5.1}{\376\377\000O\000b\000j\000e\000t\000i\000v\000o}{chapter.5}% 78
\BOOKMARK [1][-]{section.5.2}{\376\377\000R\000e\000s\000u\000l\000t\000a\000d\000o\000\040\000e\000s\000p\000e\000r\000a\000d\000o}{chapter.5}% 79
\BOOKMARK [1][-]{section.5.3}{\376\377\000P\000a\000s\000o\000\040\0001\000:\000\040\000E\000n\000t\000e\000n\000d\000e\000r\000\040\000q\000u\000\351\000\040\000e\000s\000\040\000u\000n\000\040\000m\000o\000d\000e\000l\000o\000\040\000d\000i\000m\000e\000n\000s\000i\000o\000n\000a\000l}{chapter.5}% 80
\BOOKMARK [1][-]{section.5.4}{\376\377\000P\000a\000s\000o\000\040\0002\000:\000\040\000I\000d\000e\000n\000t\000i\000f\000i\000c\000a\000r\000\040\000l\000o\000s\000\040\000p\000r\000o\000c\000e\000s\000o\000s\000\040\000d\000e\000\040\000n\000e\000g\000o\000c\000i\000o}{chapter.5}% 81
\BOOKMARK [1][-]{section.5.5}{\376\377\000P\000a\000s\000o\000\040\0003\000:\000\040\000D\000e\000f\000i\000n\000i\000r\000\040\000e\000l\000\040\000g\000r\000a\000n\000o}{chapter.5}% 82
\BOOKMARK [2][-]{subsection.5.5.1}{\376\377\000G\000r\000a\000n\000o\000\040\000d\000e\000\040\000f\000a\000c\000t\000\137\000t\000i\000p\000o\000\137\000c\000a\000m\000b\000i\000o}{section.5.5}% 83
\BOOKMARK [2][-]{subsection.5.5.2}{\376\377\000G\000r\000a\000n\000o\000\040\000d\000e\000\040\000f\000a\000c\000t\000\137\000b\000a\000l\000a\000n\000c\000e\000\137\000m\000e\000n\000s\000u\000a\000l}{section.5.5}% 84
\BOOKMARK [1][-]{section.5.6}{\376\377\000P\000a\000s\000o\000\040\0004\000:\000\040\000D\000e\000f\000i\000n\000i\000r\000\040\000d\000i\000m\000e\000n\000s\000i\000o\000n\000e\000s}{chapter.5}% 85
\BOOKMARK [2][-]{subsection.5.6.1}{\376\377\000D\000i\000m\000e\000n\000s\000i\000\363\000n\000\040\000t\000i\000e\000m\000p\000o}{section.5.6}% 86
\BOOKMARK [2][-]{subsection.5.6.2}{\376\377\000D\000i\000m\000e\000n\000s\000i\000\363\000n\000\040\000m\000o\000n\000e\000d\000a}{section.5.6}% 87
\BOOKMARK [2][-]{subsection.5.6.3}{\376\377\000D\000i\000m\000e\000n\000s\000i\000\363\000n\000\040\000e\000n\000t\000i\000d\000a\000d\000\040\000f\000i\000n\000a\000n\000c\000i\000e\000r\000a}{section.5.6}% 88
\BOOKMARK [1][-]{section.5.7}{\376\377\000P\000a\000s\000o\000\040\0005\000:\000\040\000D\000e\000f\000i\000n\000i\000r\000\040\000t\000a\000b\000l\000a\000s\000\040\000d\000e\000\040\000h\000e\000c\000h\000o\000s}{chapter.5}% 89
\BOOKMARK [2][-]{subsection.5.7.1}{\376\377\000H\000e\000c\000h\000o\000\040\000t\000i\000p\000o\000\040\000d\000e\000\040\000c\000a\000m\000b\000i\000o}{section.5.7}% 90
\BOOKMARK [2][-]{subsection.5.7.2}{\376\377\000H\000e\000c\000h\000o\000\040\000b\000a\000l\000a\000n\000c\000e\000\040\000m\000e\000n\000s\000u\000a\000l}{section.5.7}% 91
\BOOKMARK [1][-]{section.5.8}{\376\377\000P\000a\000s\000o\000\040\0006\000:\000\040\000D\000e\000f\000i\000n\000i\000r\000\040\000c\000l\000a\000v\000e\000s}{chapter.5}% 92
\BOOKMARK [2][-]{subsection.5.8.1}{\376\377\000C\000l\000a\000v\000e\000\040\000d\000e\000\040\000n\000e\000g\000o\000c\000i\000o}{section.5.8}% 93
\BOOKMARK [2][-]{subsection.5.8.2}{\376\377\000C\000l\000a\000v\000e\000\040\000s\000u\000b\000r\000o\000g\000a\000d\000a}{section.5.8}% 94
\BOOKMARK [1][-]{section.5.9}{\376\377\000P\000a\000s\000o\000\040\0007\000:\000\040\000D\000i\000s\000e\000\361\000a\000r\000\040\000e\000l\000\040\000e\000s\000q\000u\000e\000m\000a\000\040\000e\000s\000t\000r\000e\000l\000l\000a}{chapter.5}% 95
\BOOKMARK [1][-]{section.5.10}{\376\377\000P\000a\000s\000o\000\040\0008\000:\000\040\000C\000r\000e\000a\000r\000\040\000d\000o\000c\000u\000m\000e\000n\000t\000o\000\040\000d\000e\000l\000\040\000m\000o\000d\000e\000l\000o}{chapter.5}% 96
\BOOKMARK [1][-]{section.5.11}{\376\377\000P\000a\000s\000o\000\040\0009\000:\000\040\000C\000r\000e\000a\000r\000\040\000t\000a\000b\000l\000a\000\040\000d\000e\000\040\000d\000e\000f\000i\000n\000i\000c\000i\000\363\000n\000\040\000d\000e\000l\000\040\000m\000o\000d\000e\000l\000o}{chapter.5}% 97
\BOOKMARK [1][-]{section.5.12}{\376\377\000P\000a\000s\000o\000\040\0001\0000\000:\000\040\000D\000e\000f\000i\000n\000i\000r\000\040\000i\000n\000d\000i\000c\000a\000d\000o\000r\000e\000s\000\040\000d\000e\000r\000i\000v\000a\000d\000o\000s}{chapter.5}% 98
\BOOKMARK [1][-]{section.5.13}{\376\377\000P\000a\000s\000o\000\040\0001\0001\000:\000\040\000V\000a\000l\000i\000d\000a\000r\000\040\000e\000l\000\040\000d\000i\000s\000e\000\361\000o}{chapter.5}% 99
\BOOKMARK [1][-]{section.5.14}{\376\377\000C\000h\000e\000c\000k\000l\000i\000s\000t\000\040\000d\000e\000\040\000v\000a\000l\000i\000d\000a\000c\000i\000\363\000n}{chapter.5}% 100
\BOOKMARK [1][-]{section.5.15}{\376\377\000E\000n\000t\000r\000e\000g\000a\000b\000l\000e}{chapter.5}% 101
\BOOKMARK [1][-]{section.5.16}{\376\377\000P\000r\000\363\000x\000i\000m\000o\000\040\000h\000i\000t\000o}{chapter.5}% 102
\BOOKMARK [0][-]{chapter.6}{\376\377\000H\000i\000t\000o\000\040\0005\000:\000\040\000C\000o\000n\000s\000t\000r\000u\000c\000c\000i\000\363\000n\000\040\000d\000e\000\040\000l\000a\000\040\000C\000a\000p\000a\000\040\000S\000t\000a\000g\000i\000n\000g\000\040\000\050\000B\000r\000o\000n\000z\000e\000\051}{}% 103
\BOOKMARK [1][-]{section.6.1}{\376\377\000O\000b\000j\000e\000t\000i\000v\000o}{chapter.6}% 104
\BOOKMARK [1][-]{section.6.2}{\376\377\000R\000e\000s\000u\000l\000t\000a\000d\000o\000\040\000e\000s\000p\000e\000r\000a\000d\000o}{chapter.6}% 105
\BOOKMARK [1][-]{section.6.3}{\376\377\000\277\000Q\000u\000\351\000\040\000e\000s\000\040\000l\000a\000\040\000c\000a\000p\000a\000\040\000S\000t\000a\000g\000i\000n\000g\000?}{chapter.6}% 106
\BOOKMARK [1][-]{section.6.4}{\376\377\000A\000r\000q\000u\000i\000t\000e\000c\000t\000u\000r\000a\000\040\000d\000e\000l\000\040\000D\000a\000t\000a\000\040\000W\000a\000r\000e\000h\000o\000u\000s\000e}{chapter.6}% 107
\BOOKMARK [1][-]{section.6.5}{\376\377\000P\000a\000s\000o\000\040\0001\000:\000\040\000C\000r\000e\000a\000r\000\040\000c\000a\000r\000p\000e\000t\000a\000\040\000p\000a\000r\000a\000\040\000s\000c\000r\000i\000p\000t\000s\000\040\000S\000Q\000L}{chapter.6}% 108
\BOOKMARK [1][-]{section.6.6}{\376\377\000P\000a\000s\000o\000\040\0002\000:\000\040\000C\000r\000e\000a\000r\000\040\000l\000o\000s\000\040\000s\000c\000h\000e\000m\000a\000s}{chapter.6}% 109
\BOOKMARK [1][-]{section.6.7}{\376\377\000P\000a\000s\000o\000\040\0003\000:\000\040\000E\000j\000e\000c\000u\000t\000a\000r\000\040\000e\000l\000\040\000s\000c\000r\000i\000p\000t}{chapter.6}% 110
\BOOKMARK [1][-]{section.6.8}{\376\377\000P\000a\000s\000o\000\040\0004\000:\000\040\000C\000r\000e\000a\000r\000\040\000s\000c\000r\000i\000p\000t\000\040\000d\000e\000\040\000t\000a\000b\000l\000a\000s\000\040\000s\000t\000a\000g\000i\000n\000g}{chapter.6}% 111
\BOOKMARK [1][-]{section.6.9}{\376\377\000P\000a\000s\000o\000\040\0005\000:\000\040\000D\000i\000s\000e\000\361\000a\000r\000\040\000t\000a\000b\000l\000a\000\040\000t\000i\000p\000o\000\137\000c\000a\000m\000b\000i\000o\000\137\000r\000a\000w}{chapter.6}% 112
\BOOKMARK [1][-]{section.6.10}{\376\377\000\277\000P\000o\000r\000\040\000q\000u\000\351\000\040\000u\000s\000a\000m\000o\000s\000\040\000T\000E\000X\000T\000?}{chapter.6}% 113
\BOOKMARK [1][-]{section.6.11}{\376\377\000P\000a\000s\000o\000\040\0006\000:\000\040\000D\000i\000s\000e\000\361\000a\000r\000\040\000t\000a\000b\000l\000a\000\040\000b\000a\000l\000a\000n\000c\000e\000\137\000b\000a\000n\000c\000a\000r\000i\000o\000\137\000r\000a\000w}{chapter.6}% 114
\BOOKMARK [1][-]{section.6.12}{\376\377\000P\000a\000s\000o\000\040\0007\000:\000\040\000E\000j\000e\000c\000u\000t\000a\000r\000\040\000e\000l\000\040\000D\000D\000L}{chapter.6}% 115
\BOOKMARK [1][-]{section.6.13}{\376\377\000P\000a\000s\000o\000\040\0008\000:\000\040\000V\000e\000r\000i\000f\000i\000c\000a\000r\000\040\000t\000a\000b\000l\000a\000s\000\040\000c\000r\000e\000a\000d\000a\000s}{chapter.6}% 116
\BOOKMARK [1][-]{section.6.14}{\376\377\000P\000a\000s\000o\000\040\0009\000:\000\040\000I\000n\000s\000p\000e\000c\000c\000i\000o\000n\000a\000r\000\040\000e\000s\000t\000r\000u\000c\000t\000u\000r\000a}{chapter.6}% 117
\BOOKMARK [1][-]{section.6.15}{\376\377\000P\000a\000s\000o\000\040\0001\0000\000:\000\040\000C\000r\000e\000a\000r\000\040\000s\000c\000r\000i\000p\000t\000\040\000d\000e\000\040\000p\000r\000u\000e\000b\000a}{chapter.6}% 118
\BOOKMARK [1][-]{section.6.16}{\376\377\000P\000a\000s\000o\000\040\0001\0001\000:\000\040\000D\000o\000c\000u\000m\000e\000n\000t\000a\000r\000\040\000l\000a\000\040\000c\000a\000p\000a\000\040\000s\000t\000a\000g\000i\000n\000g}{chapter.6}% 119
\BOOKMARK [1][-]{section.6.17}{\376\377\000P\000a\000s\000o\000\040\0001\0002\000:\000\040\000C\000r\000e\000a\000r\000\040\000c\000o\000n\000s\000u\000l\000t\000a\000\040\000d\000e\000\040\000m\000o\000n\000i\000t\000o\000r\000e\000o}{chapter.6}% 120
\BOOKMARK [1][-]{section.6.18}{\376\377\000B\000u\000e\000n\000a\000s\000\040\000p\000r\000\341\000c\000t\000i\000c\000a\000s}{chapter.6}% 121
\BOOKMARK [1][-]{section.6.19}{\376\377\000C\000h\000e\000c\000k\000l\000i\000s\000t\000\040\000d\000e\000\040\000v\000a\000l\000i\000d\000a\000c\000i\000\363\000n}{chapter.6}% 122
\BOOKMARK [1][-]{section.6.20}{\376\377\000E\000n\000t\000r\000e\000g\000a\000b\000l\000e}{chapter.6}% 123
\BOOKMARK [1][-]{section.6.21}{\376\377\000P\000r\000\363\000x\000i\000m\000o\000\040\000h\000i\000t\000o}{chapter.6}% 124
\BOOKMARK [0][-]{chapter.7}{\376\377\000H\000i\000t\000o\000\040\0005\000:\000\040\000C\000o\000n\000s\000t\000r\000u\000c\000c\000i\000\363\000n\000\040\000d\000e\000\040\000l\000a\000\040\000C\000a\000p\000a\000\040\000S\000t\000a\000g\000i\000n\000g\000\040\000e\000n\000\040\000D\000u\000c\000k\000D\000B}{}% 125
\BOOKMARK [1][-]{section.7.1}{\376\377\000O\000b\000j\000e\000t\000i\000v\000o}{chapter.7}% 126
\BOOKMARK [1][-]{section.7.2}{\376\377\000R\000e\000s\000u\000l\000t\000a\000d\000o\000\040\000e\000s\000p\000e\000r\000a\000d\000o}{chapter.7}% 127
\BOOKMARK [1][-]{section.7.3}{\376\377\000P\000a\000s\000o\000\040\0001\000:\000\040\000C\000r\000e\000a\000r\000\040\000s\000c\000r\000i\000p\000t\000\040\000d\000e\000\040\000s\000c\000h\000e\000m\000a\000s}{chapter.7}% 128
\BOOKMARK [1][-]{section.7.4}{\376\377\000P\000a\000s\000o\000\040\0002\000:\000\040\000C\000r\000e\000a\000r\000\040\000s\000c\000r\000i\000p\000t\000\040\000p\000a\000r\000a\000\040\000e\000j\000e\000c\000u\000t\000a\000r\000\040\000S\000Q\000L}{chapter.7}% 129
\BOOKMARK [1][-]{section.7.5}{\376\377\000P\000a\000s\000o\000\040\0003\000:\000\040\000E\000j\000e\000c\000u\000t\000a\000r\000\040\000c\000r\000e\000a\000c\000i\000\363\000n\000\040\000d\000e\000\040\000s\000c\000h\000e\000m\000a\000s}{chapter.7}% 130
\BOOKMARK [1][-]{section.7.6}{\376\377\000P\000a\000s\000o\000\040\0004\000:\000\040\000V\000e\000r\000i\000f\000i\000c\000a\000r\000\040\000s\000c\000h\000e\000m\000a\000s}{chapter.7}% 131
\BOOKMARK [1][-]{section.7.7}{\376\377\000P\000a\000s\000o\000\040\0005\000:\000\040\000C\000r\000e\000a\000r\000\040\000s\000c\000r\000i\000p\000t\000\040\000d\000e\000\040\000t\000a\000b\000l\000a\000s\000\040\000s\000t\000a\000g\000i\000n\000g}{chapter.7}% 132
\BOOKMARK [1][-]{section.7.8}{\376\377\000P\000a\000s\000o\000\040\0006\000:\000\040\000C\000r\000e\000a\000r\000\040\000t\000a\000b\000l\000a\000\040\000t\000i\000p\000o\000c\000a\000m\000b\000i\000o\000r\000a\000w}{chapter.7}% 133
\BOOKMARK [1][-]{section.7.9}{\376\377\000P\000a\000s\000o\000\040\0007\000:\000\040\000C\000r\000e\000a\000r\000\040\000t\000a\000b\000l\000a\000\040\000b\000a\000l\000a\000n\000c\000e\000b\000a\000n\000c\000a\000r\000i\000o\000r\000a\000w}{chapter.7}% 134
\BOOKMARK [1][-]{section.7.10}{\376\377\000N\000o\000t\000a\000\040\000s\000o\000b\000r\000e\000\040\000t\000i\000p\000o\000s\000\040\000d\000e\000\040\000d\000a\000t\000o\000s}{chapter.7}% 135
\BOOKMARK [1][-]{section.7.11}{\376\377\000P\000a\000s\000o\000\040\0008\000:\000\040\000E\000j\000e\000c\000u\000t\000a\000r\000\040\000D\000D\000L\000\040\000d\000e\000\040\000s\000t\000a\000g\000i\000n\000g}{chapter.7}% 136
\BOOKMARK [1][-]{section.7.12}{\376\377\000P\000a\000s\000o\000\040\0009\000:\000\040\000V\000e\000r\000i\000f\000i\000c\000a\000r\000\040\000t\000a\000b\000l\000a\000s\000\040\000c\000r\000e\000a\000d\000a\000s}{chapter.7}% 137
\BOOKMARK [1][-]{section.7.13}{\376\377\000P\000a\000s\000o\000\040\0001\0000\000:\000\040\000C\000r\000e\000a\000r\000\040\000s\000c\000r\000i\000p\000t\000\040\000g\000e\000n\000e\000r\000a\000l\000\040\000p\000a\000r\000a\000\040\000i\000n\000i\000c\000i\000a\000l\000i\000z\000a\000r\000\040\000l\000a\000\040\000b\000a\000s\000e}{chapter.7}% 138
\BOOKMARK [1][-]{section.7.14}{\376\377\000P\000a\000s\000o\000\040\0001\0001\000:\000\040\000E\000j\000e\000c\000u\000t\000a\000r\000\040\000i\000n\000i\000c\000i\000a\000l\000i\000z\000a\000c\000i\000\363\000n\000\040\000c\000o\000m\000p\000l\000e\000t\000a}{chapter.7}% 139
\BOOKMARK [1][-]{section.7.15}{\376\377\000P\000a\000s\000o\000\040\0001\0002\000:\000\040\000C\000r\000e\000a\000r\000\040\000c\000o\000n\000s\000u\000l\000t\000a\000\040\000d\000e\000\040\000m\000o\000n\000i\000t\000o\000r\000e\000o}{chapter.7}% 140
\BOOKMARK [1][-]{section.7.16}{\376\377\000B\000u\000e\000n\000a\000s\000\040\000p\000r\000\341\000c\000t\000i\000c\000a\000s}{chapter.7}% 141
\BOOKMARK [1][-]{section.7.17}{\376\377\000C\000h\000e\000c\000k\000l\000i\000s\000t\000\040\000d\000e\000\040\000v\000a\000l\000i\000d\000a\000c\000i\000\363\000n}{chapter.7}% 142
\BOOKMARK [1][-]{section.7.18}{\376\377\000E\000n\000t\000r\000e\000g\000a\000b\000l\000e}{chapter.7}% 143
\BOOKMARK [1][-]{section.7.19}{\376\377\000P\000r\000\363\000x\000i\000m\000o\000\040\000h\000i\000t\000o}{chapter.7}% 144
\BOOKMARK [0][-]{chapter.8}{\376\377\000H\000i\000t\000o\000\040\0006\000:\000\040\000C\000o\000n\000s\000t\000r\000u\000c\000c\000i\000\363\000n\000\040\000d\000e\000l\000\040\000P\000r\000i\000m\000e\000r\000\040\000P\000r\000o\000c\000e\000s\000o\000\040\000E\000T\000L}{}% 145
\BOOKMARK [1][-]{section.8.1}{\376\377\000O\000b\000j\000e\000t\000i\000v\000o}{chapter.8}% 146
\BOOKMARK [1][-]{section.8.2}{\376\377\000R\000e\000s\000u\000l\000t\000a\000d\000o\000\040\000e\000s\000p\000e\000r\000a\000d\000o}{chapter.8}% 147
\BOOKMARK [1][-]{section.8.3}{\376\377\000A\000r\000q\000u\000i\000t\000e\000c\000t\000u\000r\000a\000\040\000d\000e\000l\000\040\000p\000r\000o\000c\000e\000s\000o}{chapter.8}% 148
\BOOKMARK [1][-]{section.8.4}{\376\377\000P\000a\000s\000o\000\040\0001\000:\000\040\000V\000e\000r\000i\000f\000i\000c\000a\000r\000\040\000a\000r\000c\000h\000i\000v\000o\000s\000\040\000f\000u\000e\000n\000t\000e}{chapter.8}% 149
\BOOKMARK [1][-]{section.8.5}{\376\377\000P\000a\000s\000o\000\040\0002\000:\000\040\000C\000r\000e\000a\000r\000\040\000m\000\363\000d\000u\000l\000o\000\040\000d\000e\000\040\000c\000o\000n\000e\000x\000i\000\363\000n}{chapter.8}% 150
\BOOKMARK [1][-]{section.8.6}{\376\377\000P\000a\000s\000o\000\040\0003\000:\000\040\000C\000r\000e\000a\000r\000\040\000s\000c\000r\000i\000p\000t\000\040\000d\000e\000\040\000c\000a\000r\000g\000a}{chapter.8}% 151
\BOOKMARK [1][-]{section.8.7}{\376\377\000P\000a\000s\000o\000\040\0004\000:\000\040\000I\000m\000p\000o\000r\000t\000a\000r\000\040\000l\000i\000b\000r\000e\000r\000\355\000a\000s}{chapter.8}% 152
\BOOKMARK [1][-]{section.8.8}{\376\377\000P\000a\000s\000o\000\040\0005\000:\000\040\000L\000e\000e\000r\000\040\000t\000i\000p\000o\000\040\000d\000e\000\040\000c\000a\000m\000b\000i\000o}{chapter.8}% 153
\BOOKMARK [1][-]{section.8.9}{\376\377\000P\000a\000s\000o\000\040\0006\000:\000\040\000L\000e\000e\000r\000\040\000b\000a\000l\000a\000n\000c\000e\000s}{chapter.8}% 154
\BOOKMARK [1][-]{section.8.10}{\376\377\000P\000a\000s\000o\000\040\0007\000:\000\040\000A\000g\000r\000e\000g\000a\000r\000\040\000m\000e\000t\000a\000d\000a\000t\000o\000s}{chapter.8}% 155
\BOOKMARK [1][-]{section.8.11}{\376\377\000P\000a\000s\000o\000\040\0008\000:\000\040\000L\000i\000m\000p\000i\000a\000r\000\040\000s\000t\000a\000g\000i\000n\000g\000\040\000a\000n\000t\000e\000s\000\040\000d\000e\000\040\000c\000a\000r\000g\000a\000r}{chapter.8}% 156
\BOOKMARK [1][-]{section.8.12}{\376\377\000P\000a\000s\000o\000\040\0009\000:\000\040\000E\000j\000e\000c\000u\000t\000a\000r\000\040\000t\000r\000u\000n\000c\000a\000d\000o\000\040\000d\000e\000s\000d\000e\000\040\000P\000y\000t\000h\000o\000n}{chapter.8}% 157
\BOOKMARK [1][-]{section.8.13}{\376\377\000P\000a\000s\000o\000\040\0001\0000\000:\000\040\000C\000a\000r\000g\000a\000r\000\040\000t\000i\000p\000o\000\040\000d\000e\000\040\000c\000a\000m\000b\000i\000o}{chapter.8}% 158
\BOOKMARK [1][-]{section.8.14}{\376\377\000P\000a\000s\000o\000\040\0001\0001\000:\000\040\000C\000a\000r\000g\000a\000r\000\040\000b\000a\000l\000a\000n\000c\000e\000s}{chapter.8}% 159
\BOOKMARK [1][-]{section.8.15}{\376\377\000P\000a\000s\000o\000\040\0001\0002\000:\000\040\000C\000o\000n\000f\000i\000r\000m\000a\000r\000\040\000c\000a\000r\000g\000a}{chapter.8}% 160
\BOOKMARK [1][-]{section.8.16}{\376\377\000V\000e\000r\000s\000i\000\363\000n\000\040\000c\000o\000m\000p\000l\000e\000t\000a\000\040\000d\000e\000l\000\040\000s\000c\000r\000i\000p\000t}{chapter.8}% 161
\BOOKMARK [1][-]{section.8.17}{\376\377\000P\000a\000s\000o\000\040\0001\0003\000:\000\040\000E\000j\000e\000c\000u\000t\000a\000r\000\040\000E\000T\000L}{chapter.8}% 162
\BOOKMARK [1][-]{section.8.18}{\376\377\000P\000a\000s\000o\000\040\0001\0004\000:\000\040\000V\000e\000r\000i\000f\000i\000c\000a\000r\000\040\000e\000n\000\040\000P\000o\000s\000t\000g\000r\000e\000S\000Q\000L}{chapter.8}% 163
\BOOKMARK [1][-]{section.8.19}{\376\377\000P\000a\000s\000o\000\040\0001\0005\000:\000\040\000I\000n\000s\000p\000e\000c\000c\000i\000o\000n\000a\000r\000\040\000d\000a\000t\000o\000s}{chapter.8}% 164
\BOOKMARK [1][-]{section.8.20}{\376\377\000P\000a\000s\000o\000\040\0001\0006\000:\000\040\000C\000r\000e\000a\000r\000\040\000s\000c\000r\000i\000p\000t\000\040\000d\000e\000\040\000v\000a\000l\000i\000d\000a\000c\000i\000\363\000n}{chapter.8}% 165
\BOOKMARK [1][-]{section.8.21}{\376\377\000P\000a\000s\000o\000\040\0001\0007\000:\000\040\000C\000r\000e\000a\000r\000\040\000o\000r\000q\000u\000e\000s\000t\000a\000d\000o\000r}{chapter.8}% 166
\BOOKMARK [1][-]{section.8.22}{\376\377\000B\000u\000e\000n\000a\000s\000\040\000p\000r\000\341\000c\000t\000i\000c\000a\000s}{chapter.8}% 167
\BOOKMARK [1][-]{section.8.23}{\376\377\000C\000h\000e\000c\000k\000l\000i\000s\000t\000\040\000d\000e\000\040\000v\000a\000l\000i\000d\000a\000c\000i\000\363\000n}{chapter.8}% 168
\BOOKMARK [1][-]{section.8.24}{\376\377\000E\000n\000t\000r\000e\000g\000a\000b\000l\000e}{chapter.8}% 169
\BOOKMARK [1][-]{section.8.25}{\376\377\000P\000r\000\363\000x\000i\000m\000o\000\040\000h\000i\000t\000o}{chapter.8}% 170
\BOOKMARK [0][-]{chapter.9}{\376\377\000H\000i\000t\000o\000\040\0006\000:\000\040\000C\000o\000n\000s\000t\000r\000u\000c\000c\000i\000\363\000n\000\040\000d\000e\000l\000\040\000P\000r\000i\000m\000e\000r\000\040\000P\000r\000o\000c\000e\000s\000o\000\040\000E\000T\000L\000\040\000c\000o\000n\000\040\000D\000u\000c\000k\000D\000B}{}% 171
\BOOKMARK [1][-]{section.9.1}{\376\377\000O\000b\000j\000e\000t\000i\000v\000o}{chapter.9}% 172
\BOOKMARK [1][-]{section.9.2}{\376\377\000R\000e\000s\000u\000l\000t\000a\000d\000o\000\040\000e\000s\000p\000e\000r\000a\000d\000o}{chapter.9}% 173
\BOOKMARK [1][-]{section.9.3}{\376\377\000A\000r\000q\000u\000i\000t\000e\000c\000t\000u\000r\000a\000\040\000d\000e\000l\000\040\000p\000r\000o\000c\000e\000s\000o}{chapter.9}% 174
\BOOKMARK [1][-]{section.9.4}{\376\377\000P\000a\000s\000o\000\040\0001\000:\000\040\000V\000e\000r\000i\000f\000i\000c\000a\000r\000\040\000a\000r\000c\000h\000i\000v\000o\000s\000\040\000f\000u\000e\000n\000t\000e}{chapter.9}% 175
\BOOKMARK [1][-]{section.9.5}{\376\377\000P\000a\000s\000o\000\040\0002\000:\000\040\000V\000e\000r\000i\000f\000i\000c\000a\000r\000\040\000c\000o\000n\000e\000x\000i\000\363\000n}{chapter.9}% 176
\BOOKMARK [1][-]{section.9.6}{\376\377\000P\000a\000s\000o\000\040\0003\000:\000\040\000C\000r\000e\000a\000r\000\040\000s\000c\000r\000i\000p\000t\000\040\000d\000e\000\040\000c\000a\000r\000g\000a}{chapter.9}% 177
\BOOKMARK [1][-]{section.9.7}{\376\377\000P\000a\000s\000o\000\040\0004\000:\000\040\000I\000m\000p\000o\000r\000t\000a\000r\000\040\000l\000i\000b\000r\000e\000r\000\355\000a\000s}{chapter.9}% 178
\BOOKMARK [1][-]{section.9.8}{\376\377\000P\000a\000s\000o\000\040\0005\000:\000\040\000L\000e\000e\000r\000\040\000t\000i\000p\000o\000\040\000d\000e\000\040\000c\000a\000m\000b\000i\000o}{chapter.9}% 179
\BOOKMARK [1][-]{section.9.9}{\376\377\000P\000a\000s\000o\000\040\0006\000:\000\040\000L\000e\000e\000r\000\040\000b\000a\000l\000a\000n\000c\000e\000s}{chapter.9}% 180
\BOOKMARK [1][-]{section.9.10}{\376\377\000P\000a\000s\000o\000\040\0007\000:\000\040\000A\000g\000r\000e\000g\000a\000r\000\040\000m\000e\000t\000a\000d\000a\000t\000o\000s}{chapter.9}% 181
\BOOKMARK [1][-]{section.9.11}{\376\377\000P\000a\000s\000o\000\040\0008\000:\000\040\000C\000o\000n\000e\000c\000t\000a\000r\000s\000e\000\040\000a\000\040\000D\000u\000c\000k\000D\000B}{chapter.9}% 182
\BOOKMARK [1][-]{section.9.12}{\376\377\000P\000a\000s\000o\000\040\0009\000:\000\040\000L\000i\000m\000p\000i\000a\000r\000\040\000s\000t\000a\000g\000i\000n\000g}{chapter.9}% 183
\BOOKMARK [1][-]{section.9.13}{\376\377\000P\000a\000s\000o\000\040\0001\0000\000:\000\040\000R\000e\000g\000i\000s\000t\000r\000a\000r\000\040\000D\000a\000t\000a\000F\000r\000a\000m\000e\000s}{chapter.9}% 184
\BOOKMARK [1][-]{section.9.14}{\376\377\000P\000a\000s\000o\000\040\0001\0001\000:\000\040\000C\000a\000r\000g\000a\000r\000\040\000t\000i\000p\000o\000\040\000d\000e\000\040\000c\000a\000m\000b\000i\000o}{chapter.9}% 185
\BOOKMARK [1][-]{section.9.15}{\376\377\000P\000a\000s\000o\000\040\0001\0002\000:\000\040\000C\000a\000r\000g\000a\000r\000\040\000b\000a\000l\000a\000n\000c\000e\000s}{chapter.9}% 186
\BOOKMARK [1][-]{section.9.16}{\376\377\000P\000a\000s\000o\000\040\0001\0003\000:\000\040\000V\000e\000r\000i\000f\000i\000c\000a\000r\000\040\000c\000o\000n\000t\000e\000o\000s}{chapter.9}% 187
\BOOKMARK [1][-]{section.9.17}{\376\377\000P\000a\000s\000o\000\040\0001\0004\000:\000\040\000C\000e\000r\000r\000a\000r\000\040\000c\000o\000n\000e\000x\000i\000\363\000n}{chapter.9}% 188
\BOOKMARK [1][-]{section.9.18}{\376\377\000V\000e\000r\000s\000i\000\363\000n\000\040\000c\000o\000m\000p\000l\000e\000t\000a\000\040\000d\000e\000l\000\040\000s\000c\000r\000i\000p\000t}{chapter.9}% 189
\BOOKMARK [1][-]{section.9.19}{\376\377\000P\000a\000s\000o\000\040\0001\0005\000:\000\040\000E\000j\000e\000c\000u\000t\000a\000r\000\040\000E\000T\000L}{chapter.9}% 190
\BOOKMARK [1][-]{section.9.20}{\376\377\000P\000a\000s\000o\000\040\0001\0006\000:\000\040\000C\000r\000e\000a\000r\000\040\000c\000o\000n\000s\000u\000l\000t\000a\000\040\000d\000e\000\040\000m\000o\000n\000i\000t\000o\000r\000e\000o}{chapter.9}% 191
\BOOKMARK [1][-]{section.9.21}{\376\377\000P\000a\000s\000o\000\040\0001\0007\000:\000\040\000E\000j\000e\000c\000u\000t\000a\000r\000\040\000c\000o\000n\000s\000u\000l\000t\000a}{chapter.9}% 192
\BOOKMARK [1][-]{section.9.22}{\376\377\000P\000a\000s\000o\000\040\0001\0008\000:\000\040\000C\000r\000e\000a\000r\000\040\000o\000r\000q\000u\000e\000s\000t\000a\000d\000o\000r}{chapter.9}% 193
\BOOKMARK [1][-]{section.9.23}{\376\377\000B\000u\000e\000n\000a\000s\000\040\000p\000r\000\341\000c\000t\000i\000c\000a\000s}{chapter.9}% 194
\BOOKMARK [1][-]{section.9.24}{\376\377\000C\000h\000e\000c\000k\000l\000i\000s\000t\000\040\000d\000e\000\040\000v\000a\000l\000i\000d\000a\000c\000i\000\363\000n}{chapter.9}% 195
\BOOKMARK [1][-]{section.9.25}{\376\377\000E\000n\000t\000r\000e\000g\000a\000b\000l\000e}{chapter.9}% 196
\BOOKMARK [1][-]{section.9.26}{\376\377\000P\000r\000\363\000x\000i\000m\000o\000\040\000h\000i\000t\000o}{chapter.9}% 197
\BOOKMARK [0][-]{chapter.10}{\376\377\000H\000i\000t\000o\000\040\0007\000:\000\040\000C\000o\000n\000s\000t\000r\000u\000c\000c\000i\000\363\000n\000\040\000d\000e\000\040\000l\000a\000\040\000C\000a\000p\000a\000\040\000C\000o\000r\000e\000\040\000y\000\040\000D\000i\000m\000e\000n\000s\000i\000o\000n\000e\000s\000\040\000e\000n\000\040\000D\000u\000c\000k\000D\000B}{}% 198
\BOOKMARK [1][-]{section.10.1}{\376\377\000O\000b\000j\000e\000t\000i\000v\000o}{chapter.10}% 199
\BOOKMARK [1][-]{section.10.2}{\376\377\000R\000e\000s\000u\000l\000t\000a\000d\000o\000\040\000e\000s\000p\000e\000r\000a\000d\000o}{chapter.10}% 200
\BOOKMARK [1][-]{section.10.3}{\376\377\000A\000r\000q\000u\000i\000t\000e\000c\000t\000u\000r\000a\000\040\000d\000e\000l\000\040\000h\000i\000t\000o}{chapter.10}% 201
\BOOKMARK [1][-]{section.10.4}{\376\377\000P\000a\000s\000o\000\040\0001\000:\000\040\000C\000r\000e\000a\000r\000\040\000s\000c\000r\000i\000p\000t\000\040\000d\000e\000\040\000d\000i\000m\000e\000n\000s\000i\000o\000n\000e\000s}{chapter.10}% 202
\BOOKMARK [1][-]{section.10.5}{\376\377\000P\000a\000s\000o\000\040\0002\000:\000\040\000C\000r\000e\000a\000r\000\040\000d\000i\000m\000e\000n\000s\000i\000\363\000n\000\040\000t\000i\000e\000m\000p\000o}{chapter.10}% 203
\BOOKMARK [1][-]{section.10.6}{\376\377\000P\000a\000s\000o\000\040\0003\000:\000\040\000C\000r\000e\000a\000r\000\040\000d\000i\000m\000e\000n\000s\000i\000\363\000n\000\040\000m\000o\000n\000e\000d\000a}{chapter.10}% 204
\BOOKMARK [1][-]{section.10.7}{\376\377\000P\000a\000s\000o\000\040\0004\000:\000\040\000C\000r\000e\000a\000r\000\040\000d\000i\000m\000e\000n\000s\000i\000\363\000n\000\040\000e\000n\000t\000i\000d\000a\000d\000\040\000f\000i\000n\000a\000n\000c\000i\000e\000r\000a}{chapter.10}% 205
\BOOKMARK [1][-]{section.10.8}{\376\377\000P\000a\000s\000o\000\040\0005\000:\000\040\000E\000j\000e\000c\000u\000t\000a\000r\000\040\000D\000D\000L}{chapter.10}% 206
\BOOKMARK [1][-]{section.10.9}{\376\377\000P\000a\000s\000o\000\040\0006\000:\000\040\000C\000r\000e\000a\000r\000\040\000s\000c\000r\000i\000p\000t\000\040\000d\000e\000\040\000c\000a\000r\000g\000a}{chapter.10}% 207
\BOOKMARK [1][-]{section.10.10}{\376\377\000P\000a\000s\000o\000\040\0007\000:\000\040\000L\000i\000m\000p\000i\000a\000r\000\040\000d\000i\000m\000e\000n\000s\000i\000o\000n\000e\000s}{chapter.10}% 208
\BOOKMARK [1][-]{section.10.11}{\376\377\000P\000a\000s\000o\000\040\0008\000:\000\040\000P\000o\000b\000l\000a\000r\000\040\000d\000i\000m\000e\000n\000s\000i\000\363\000n\000\040\000t\000i\000e\000m\000p\000o}{chapter.10}% 209
\BOOKMARK [1][-]{section.10.12}{\376\377\000E\000x\000p\000l\000i\000c\000a\000c\000i\000\363\000n}{chapter.10}% 210
\BOOKMARK [1][-]{section.10.13}{\376\377\000P\000a\000s\000o\000\040\0009\000:\000\040\000P\000o\000b\000l\000a\000r\000\040\000d\000i\000m\000e\000n\000s\000i\000\363\000n\000\040\000m\000o\000n\000e\000d\000a}{chapter.10}% 211
\BOOKMARK [1][-]{section.10.14}{\376\377\000P\000a\000s\000o\000\040\0001\0000\000:\000\040\000P\000o\000b\000l\000a\000r\000\040\000d\000i\000m\000e\000n\000s\000i\000\363\000n\000\040\000e\000n\000t\000i\000d\000a\000d\000\040\000f\000i\000n\000a\000n\000c\000i\000e\000r\000a}{chapter.10}% 212
\BOOKMARK [1][-]{section.10.15}{\376\377\000N\000o\000t\000a\000\040\000s\000o\000b\000r\000e\000\040\000S\000C\000D\000\040\000T\000i\000p\000o\000\040\0002}{chapter.10}% 213
\BOOKMARK [1][-]{section.10.16}{\376\377\000P\000a\000s\000o\000\040\0001\0001\000:\000\040\000E\000j\000e\000c\000u\000t\000a\000r\000\040\000c\000a\000r\000g\000a}{chapter.10}% 214
\BOOKMARK [1][-]{section.10.17}{\376\377\000P\000a\000s\000o\000\040\0001\0002\000:\000\040\000V\000e\000r\000i\000f\000i\000c\000a\000r\000\040\000d\000i\000m\000e\000n\000s\000i\000\363\000n\000\040\000t\000i\000e\000m\000p\000o}{chapter.10}% 215
\BOOKMARK [1][-]{section.10.18}{\376\377\000P\000a\000s\000o\000\040\0001\0003\000:\000\040\000V\000e\000r\000i\000f\000i\000c\000a\000r\000\040\000d\000i\000m\000e\000n\000s\000i\000\363\000n\000\040\000m\000o\000n\000e\000d\000a}{chapter.10}% 216
\BOOKMARK [1][-]{section.10.19}{\376\377\000P\000a\000s\000o\000\040\0001\0004\000:\000\040\000V\000e\000r\000i\000f\000i\000c\000a\000r\000\040\000d\000i\000m\000e\000n\000s\000i\000\363\000n\000\040\000e\000n\000t\000i\000d\000a\000d\000\040\000f\000i\000n\000a\000n\000c\000i\000e\000r\000a}{chapter.10}% 217
\BOOKMARK [1][-]{section.10.20}{\376\377\000P\000a\000s\000o\000\040\0001\0005\000:\000\040\000C\000r\000e\000a\000r\000\040\000c\000o\000n\000s\000u\000l\000t\000a\000\040\000d\000e\000\040\000m\000o\000n\000i\000t\000o\000r\000e\000o}{chapter.10}% 218
\BOOKMARK [1][-]{section.10.21}{\376\377\000P\000a\000s\000o\000\040\0001\0006\000:\000\040\000E\000j\000e\000c\000u\000t\000a\000r\000\040\000m\000o\000n\000i\000t\000o\000r\000e\000o}{chapter.10}% 219
\BOOKMARK [1][-]{section.10.22}{\376\377\000P\000a\000s\000o\000\040\0001\0007\000:\000\040\000I\000n\000t\000e\000g\000r\000a\000r\000\040\000a\000l\000\040\000p\000i\000p\000e\000l\000i\000n\000e}{chapter.10}% 220
\BOOKMARK [1][-]{section.10.23}{\376\377\000B\000u\000e\000n\000a\000s\000\040\000p\000r\000\341\000c\000t\000i\000c\000a\000s}{chapter.10}% 221
\BOOKMARK [1][-]{section.10.24}{\376\377\000C\000h\000e\000c\000k\000l\000i\000s\000t\000\040\000d\000e\000\040\000v\000a\000l\000i\000d\000a\000c\000i\000\363\000n}{chapter.10}% 222
\BOOKMARK [1][-]{section.10.25}{\376\377\000E\000n\000t\000r\000e\000g\000a\000b\000l\000e}{chapter.10}% 223
\BOOKMARK [1][-]{section.10.26}{\376\377\000P\000r\000\363\000x\000i\000m\000o\000\040\000h\000i\000t\000o}{chapter.10}% 224
