This is pdfTeX, Version 3.141592653-2.6-1.40.29 (TeX Live 2026) (preloaded format=pdflatex 2026.4.28)  8 JUN 2026 20:31
entering extended mode
 restricted \write18 enabled.
 file:line:error style messages enabled.
 %&-line parsing enabled.
**c:/Users/t490/Documents/MacroPol/dwh_rd/dwh_macrofinanciero_rd/docs/book/preamble.tex
(c:/Users/t490/Documents/MacroPol/dwh_rd/dwh_macrofinanciero_rd/docs/book/preamble.tex
LaTeX2e <2025-11-01>
L3 programming layer <2026-03-20>

c:/Users/t490/Documents/MacroPol/dwh_rd/dwh_macrofinanciero_rd/docs/book/preamble.tex:1: LaTeX Error: \usepackage before \documentclass.

See the LaTeX manual or LaTeX Companion for explanation.
Type  H <return>  for immediate help.
 ...                                              
                                                  
l.1 \usepackage[utf8]{
                      inputenc}
\usepackage may only appear in the document preamble, i.e.,
between \documentclass and \begin{document}.


c:/Users/t490/Documents/MacroPol/dwh_rd/dwh_macrofinanciero_rd/docs/book/preamble.tex:2: LaTeX Error: \usepackage before \documentclass.

See the LaTeX manual or LaTeX Companion for explanation.
Type  H <return>  for immediate help.
 ...                                              
                                                  
l.2 \usepackage[T1]{
                    fontenc}
\usepackage may only appear in the document preamble, i.e.,
between \documentclass and \begin{document}.


c:/Users/t490/Documents/MacroPol/dwh_rd/dwh_macrofinanciero_rd/docs/book/preamble.tex:3: LaTeX Error: \usepackage before \documentclass.

See the LaTeX manual or LaTeX Companion for explanation.
Type  H <return>  for immediate help.
 ...                                              
                                                  
l.3 \usepackage[spanish]{
                         babel}
\usepackage may only appear in the document preamble, i.e.,
between \documentclass and \begin{document}.


c:/Users/t490/Documents/MacroPol/dwh_rd/dwh_macrofinanciero_rd/docs/book/preamble.tex:5: LaTeX Error: \usepackage before \documentclass.

See the LaTeX manual or LaTeX Companion for explanation.
Type  H <return>  for immediate help.
 ...                                              
                                                  
l.5 \usepackage{
                graphicx}
\usepackage may only appear in the document preamble, i.e.,
between \documentclass and \begin{document}.


c:/Users/t490/Documents/MacroPol/dwh_rd/dwh_macrofinanciero_rd/docs/book/preamble.tex:6: LaTeX Error: \usepackage before \documentclass.

See the LaTeX manual or LaTeX Companion for explanation.
Type  H <return>  for immediate help.
 ...                                              
                                                  
l.6 \usepackage{
                booktabs}
\usepackage may only appear in the document preamble, i.e.,
between \documentclass and \begin{document}.


c:/Users/t490/Documents/MacroPol/dwh_rd/dwh_macrofinanciero_rd/docs/book/preamble.tex:7: LaTeX Error: \usepackage before \documentclass.

See the LaTeX manual or LaTeX Companion for explanation.
Type  H <return>  for immediate help.
 ...                                              
                                                  
l.7 \usepackage{
                hyperref}
\usepackage may only appear in the document preamble, i.e.,
between \documentclass and \begin{document}.


c:/Users/t490/Documents/MacroPol/dwh_rd/dwh_macrofinanciero_rd/docs/book/preamble.tex:8: LaTeX Error: \usepackage before \documentclass.

See the LaTeX manual or LaTeX Companion for explanation.
Type  H <return>  for immediate help.
 ...                                              
                                                  
l.8 \usepackage{
                xcolor}
\usepackage may only appear in the document preamble, i.e.,
between \documentclass and \begin{document}.


c:/Users/t490/Documents/MacroPol/dwh_rd/dwh_macrofinanciero_rd/docs/book/preamble.tex:9: LaTeX Error: \usepackage before \documentclass.

See the LaTeX manual or LaTeX Companion for explanation.
Type  H <return>  for immediate help.
 ...                                              
                                                  
l.9 \usepackage{
                listings}
\usepackage may only appear in the document preamble, i.e.,
between \documentclass and \begin{document}.

)
! Emergency stop.
<*> ...h_macrofinanciero_rd/docs/book/preamble.tex
                                                  
*** (job aborted, no legal \end found)

 
Here is how much of TeX's memory you used:
 15 strings out of 467349
 565 string characters out of 5419862
 434954 words of memory out of 5000000
 29200 multiletter control sequences out of 15000+600000
 627721 words of font info for 40 fonts, out of 8000000 for 9000
 1141 hyphenation exceptions out of 8191
 12i,0n,13p,144b,14s stack positions out of 10000i,1000n,20000p,200000b,200000s
!  ==> Fatal error occurred, no output PDF file produced!
